CRITICAL - 2023-03-14 07:08:48 --> "cros" filter must have a matching alias defined.
in SYSTEMPATH/Filters/Filters.php on line 493.
 1 SYSTEMPATH/Filters/Filters.php(493): CodeIgniter\Filters\Exceptions\FilterException::forNoAlias('cros')
 2 SYSTEMPATH/Filters/Filters.php(243): CodeIgniter\Filters\Filters->processAliasesToClass('before')
 3 SYSTEMPATH/Filters/Filters.php(163): CodeIgniter\Filters\Filters->initialize('karyawan')
 4 SYSTEMPATH/CodeIgniter.php(473): CodeIgniter\Filters\Filters->run('karyawan', 'before')
 5 SYSTEMPATH/CodeIgniter.php(368): CodeIgniter\CodeIgniter->handleRequest(null, Object(Config\Cache), false)
 6 FCPATH/index.php(67): CodeIgniter\CodeIgniter->run()
 7 SYSTEMPATH/Commands/Server/rewrite.php(47): require_once('FCPATH/index.php')
CRITICAL - 2023-03-14 07:08:52 --> "cros" filter must have a matching alias defined.
in SYSTEMPATH/Filters/Filters.php on line 493.
 1 SYSTEMPATH/Filters/Filters.php(493): CodeIgniter\Filters\Exceptions\FilterException::forNoAlias('cros')
 2 SYSTEMPATH/Filters/Filters.php(243): CodeIgniter\Filters\Filters->processAliasesToClass('before')
 3 SYSTEMPATH/Filters/Filters.php(163): CodeIgniter\Filters\Filters->initialize('karyawan')
 4 SYSTEMPATH/CodeIgniter.php(473): CodeIgniter\Filters\Filters->run('karyawan', 'before')
 5 SYSTEMPATH/CodeIgniter.php(368): CodeIgniter\CodeIgniter->handleRequest(null, Object(Config\Cache), false)
 6 FCPATH/index.php(67): CodeIgniter\CodeIgniter->run()
 7 SYSTEMPATH/Commands/Server/rewrite.php(47): require_once('FCPATH/index.php')
CRITICAL - 2023-03-14 07:09:43 --> "cros" filter must have a matching alias defined.
in SYSTEMPATH/Filters/Filters.php on line 493.
 1 SYSTEMPATH/Filters/Filters.php(493): CodeIgniter\Filters\Exceptions\FilterException::forNoAlias('cros')
 2 SYSTEMPATH/Filters/Filters.php(243): CodeIgniter\Filters\Filters->processAliasesToClass('before')
 3 SYSTEMPATH/Filters/Filters.php(163): CodeIgniter\Filters\Filters->initialize('karyawan')
 4 SYSTEMPATH/CodeIgniter.php(473): CodeIgniter\Filters\Filters->run('karyawan', 'before')
 5 SYSTEMPATH/CodeIgniter.php(368): CodeIgniter\CodeIgniter->handleRequest(null, Object(Config\Cache), false)
 6 FCPATH/index.php(67): CodeIgniter\CodeIgniter->run()
 7 SYSTEMPATH/Commands/Server/rewrite.php(47): require_once('FCPATH/index.php')
CRITICAL - 2023-03-14 07:09:53 --> "cros" filter must have a matching alias defined.
in SYSTEMPATH/Filters/Filters.php on line 493.
 1 SYSTEMPATH/Filters/Filters.php(493): CodeIgniter\Filters\Exceptions\FilterException::forNoAlias('cros')
 2 SYSTEMPATH/Filters/Filters.php(243): CodeIgniter\Filters\Filters->processAliasesToClass('before')
 3 SYSTEMPATH/Filters/Filters.php(163): CodeIgniter\Filters\Filters->initialize('karyawan')
 4 SYSTEMPATH/CodeIgniter.php(473): CodeIgniter\Filters\Filters->run('karyawan', 'before')
 5 SYSTEMPATH/CodeIgniter.php(368): CodeIgniter\CodeIgniter->handleRequest(null, Object(Config\Cache), false)
 6 FCPATH/index.php(67): CodeIgniter\CodeIgniter->run()
 7 SYSTEMPATH/Commands/Server/rewrite.php(47): require_once('FCPATH/index.php')
CRITICAL - 2023-03-14 07:11:51 --> "cros" filter must have a matching alias defined.
in SYSTEMPATH/Filters/Filters.php on line 493.
 1 SYSTEMPATH/Filters/Filters.php(493): CodeIgniter\Filters\Exceptions\FilterException::forNoAlias('cros')
 2 SYSTEMPATH/Filters/Filters.php(243): CodeIgniter\Filters\Filters->processAliasesToClass('before')
 3 SYSTEMPATH/Filters/Filters.php(163): CodeIgniter\Filters\Filters->initialize('karyawan')
 4 SYSTEMPATH/CodeIgniter.php(473): CodeIgniter\Filters\Filters->run('karyawan', 'before')
 5 SYSTEMPATH/CodeIgniter.php(368): CodeIgniter\CodeIgniter->handleRequest(null, Object(Config\Cache), false)
 6 FCPATH/index.php(67): CodeIgniter\CodeIgniter->run()
 7 SYSTEMPATH/Commands/Server/rewrite.php(47): require_once('FCPATH/index.php')
CRITICAL - 2023-03-14 07:22:55 --> "cros" filter must have a matching alias defined.
in SYSTEMPATH/Filters/Filters.php on line 493.
 1 SYSTEMPATH/Filters/Filters.php(493): CodeIgniter\Filters\Exceptions\FilterException::forNoAlias('cros')
 2 SYSTEMPATH/Filters/Filters.php(243): CodeIgniter\Filters\Filters->processAliasesToClass('before')
 3 SYSTEMPATH/Filters/Filters.php(163): CodeIgniter\Filters\Filters->initialize('karyawan')
 4 SYSTEMPATH/CodeIgniter.php(473): CodeIgniter\Filters\Filters->run('karyawan', 'before')
 5 SYSTEMPATH/CodeIgniter.php(368): CodeIgniter\CodeIgniter->handleRequest(null, Object(Config\Cache), false)
 6 FCPATH/index.php(67): CodeIgniter\CodeIgniter->run()
 7 SYSTEMPATH/Commands/Server/rewrite.php(47): require_once('FCPATH/index.php')
CRITICAL - 2023-03-14 07:23:14 --> "cros" filter must have a matching alias defined.
in SYSTEMPATH/Filters/Filters.php on line 493.
 1 SYSTEMPATH/Filters/Filters.php(493): CodeIgniter\Filters\Exceptions\FilterException::forNoAlias('cros')
 2 SYSTEMPATH/Filters/Filters.php(243): CodeIgniter\Filters\Filters->processAliasesToClass('before')
 3 SYSTEMPATH/Filters/Filters.php(163): CodeIgniter\Filters\Filters->initialize('karyawan')
 4 SYSTEMPATH/CodeIgniter.php(473): CodeIgniter\Filters\Filters->run('karyawan', 'before')
 5 SYSTEMPATH/CodeIgniter.php(368): CodeIgniter\CodeIgniter->handleRequest(null, Object(Config\Cache), false)
 6 FCPATH/index.php(67): CodeIgniter\CodeIgniter->run()
 7 SYSTEMPATH/Commands/Server/rewrite.php(47): require_once('FCPATH/index.php')
CRITICAL - 2023-03-14 07:23:25 --> "cros" filter must have a matching alias defined.
in SYSTEMPATH/Filters/Filters.php on line 493.
 1 SYSTEMPATH/Filters/Filters.php(493): CodeIgniter\Filters\Exceptions\FilterException::forNoAlias('cros')
 2 SYSTEMPATH/Filters/Filters.php(243): CodeIgniter\Filters\Filters->processAliasesToClass('before')
 3 SYSTEMPATH/Filters/Filters.php(163): CodeIgniter\Filters\Filters->initialize('karyawan')
 4 SYSTEMPATH/CodeIgniter.php(473): CodeIgniter\Filters\Filters->run('karyawan', 'before')
 5 SYSTEMPATH/CodeIgniter.php(368): CodeIgniter\CodeIgniter->handleRequest(null, Object(Config\Cache), false)
 6 FCPATH/index.php(67): CodeIgniter\CodeIgniter->run()
 7 SYSTEMPATH/Commands/Server/rewrite.php(47): require_once('FCPATH/index.php')
CRITICAL - 2023-03-14 07:23:35 --> "cros" filter must have a matching alias defined.
in SYSTEMPATH/Filters/Filters.php on line 493.
 1 SYSTEMPATH/Filters/Filters.php(493): CodeIgniter\Filters\Exceptions\FilterException::forNoAlias('cros')
 2 SYSTEMPATH/Filters/Filters.php(243): CodeIgniter\Filters\Filters->processAliasesToClass('before')
 3 SYSTEMPATH/Filters/Filters.php(163): CodeIgniter\Filters\Filters->initialize('karyawan')
 4 SYSTEMPATH/CodeIgniter.php(473): CodeIgniter\Filters\Filters->run('karyawan', 'before')
 5 SYSTEMPATH/CodeIgniter.php(368): CodeIgniter\CodeIgniter->handleRequest(null, Object(Config\Cache), false)
 6 FCPATH/index.php(67): CodeIgniter\CodeIgniter->run()
 7 SYSTEMPATH/Commands/Server/rewrite.php(47): require_once('FCPATH/index.php')
CRITICAL - 2023-03-14 07:25:01 --> "cros" filter must have a matching alias defined.
in SYSTEMPATH/Filters/Filters.php on line 493.
 1 SYSTEMPATH/Filters/Filters.php(493): CodeIgniter\Filters\Exceptions\FilterException::forNoAlias('cros')
 2 SYSTEMPATH/Filters/Filters.php(243): CodeIgniter\Filters\Filters->processAliasesToClass('before')
 3 SYSTEMPATH/Filters/Filters.php(163): CodeIgniter\Filters\Filters->initialize('karyawan/1')
 4 SYSTEMPATH/CodeIgniter.php(473): CodeIgniter\Filters\Filters->run('karyawan/1', 'before')
 5 SYSTEMPATH/CodeIgniter.php(368): CodeIgniter\CodeIgniter->handleRequest(null, Object(Config\Cache), false)
 6 FCPATH/index.php(67): CodeIgniter\CodeIgniter->run()
 7 SYSTEMPATH/Commands/Server/rewrite.php(47): require_once('FCPATH/index.php')
CRITICAL - 2023-03-14 07:26:03 --> "cros" filter must have a matching alias defined.
in SYSTEMPATH/Filters/Filters.php on line 493.
 1 SYSTEMPATH/Filters/Filters.php(493): CodeIgniter\Filters\Exceptions\FilterException::forNoAlias('cros')
 2 SYSTEMPATH/Filters/Filters.php(243): CodeIgniter\Filters\Filters->processAliasesToClass('before')
 3 SYSTEMPATH/Filters/Filters.php(163): CodeIgniter\Filters\Filters->initialize('karyawan/1')
 4 SYSTEMPATH/CodeIgniter.php(473): CodeIgniter\Filters\Filters->run('karyawan/1', 'before')
 5 SYSTEMPATH/CodeIgniter.php(368): CodeIgniter\CodeIgniter->handleRequest(null, Object(Config\Cache), false)
 6 FCPATH/index.php(67): CodeIgniter\CodeIgniter->run()
 7 SYSTEMPATH/Commands/Server/rewrite.php(47): require_once('FCPATH/index.php')
CRITICAL - 2023-03-14 07:26:12 --> "cros" filter must have a matching alias defined.
in SYSTEMPATH/Filters/Filters.php on line 493.
 1 SYSTEMPATH/Filters/Filters.php(493): CodeIgniter\Filters\Exceptions\FilterException::forNoAlias('cros')
 2 SYSTEMPATH/Filters/Filters.php(243): CodeIgniter\Filters\Filters->processAliasesToClass('before')
 3 SYSTEMPATH/Filters/Filters.php(163): CodeIgniter\Filters\Filters->initialize('karyawan/1')
 4 SYSTEMPATH/CodeIgniter.php(473): CodeIgniter\Filters\Filters->run('karyawan/1', 'before')
 5 SYSTEMPATH/CodeIgniter.php(368): CodeIgniter\CodeIgniter->handleRequest(null, Object(Config\Cache), false)
 6 FCPATH/index.php(67): CodeIgniter\CodeIgniter->run()
 7 SYSTEMPATH/Commands/Server/rewrite.php(47): require_once('FCPATH/index.php')
CRITICAL - 2023-03-14 07:28:03 --> "cros" filter must have a matching alias defined.
in SYSTEMPATH/Filters/Filters.php on line 493.
 1 SYSTEMPATH/Filters/Filters.php(493): CodeIgniter\Filters\Exceptions\FilterException::forNoAlias('cros')
 2 SYSTEMPATH/Filters/Filters.php(243): CodeIgniter\Filters\Filters->processAliasesToClass('before')
 3 SYSTEMPATH/Filters/Filters.php(163): CodeIgniter\Filters\Filters->initialize('/')
 4 SYSTEMPATH/CodeIgniter.php(473): CodeIgniter\Filters\Filters->run('/', 'before')
 5 SYSTEMPATH/CodeIgniter.php(368): CodeIgniter\CodeIgniter->handleRequest(null, Object(Config\Cache), false)
 6 FCPATH/index.php(67): CodeIgniter\CodeIgniter->run()
 7 SYSTEMPATH/Commands/Server/rewrite.php(47): require_once('FCPATH/index.php')
CRITICAL - 2023-03-14 07:46:54 --> "cros" filter must have a matching alias defined.
in SYSTEMPATH/Filters/Filters.php on line 493.
 1 SYSTEMPATH/Filters/Filters.php(493): CodeIgniter\Filters\Exceptions\FilterException::forNoAlias('cros')
 2 SYSTEMPATH/Filters/Filters.php(243): CodeIgniter\Filters\Filters->processAliasesToClass('before')
 3 SYSTEMPATH/Filters/Filters.php(163): CodeIgniter\Filters\Filters->initialize('/')
 4 SYSTEMPATH/CodeIgniter.php(473): CodeIgniter\Filters\Filters->run('/', 'before')
 5 SYSTEMPATH/CodeIgniter.php(368): CodeIgniter\CodeIgniter->handleRequest(null, Object(Config\Cache), false)
 6 FCPATH/index.php(67): CodeIgniter\CodeIgniter->run()
 7 SYSTEMPATH/Commands/Server/rewrite.php(47): require_once('FCPATH/index.php')
CRITICAL - 2023-03-14 07:50:18 --> "cros" filter must have a matching alias defined.
in SYSTEMPATH/Filters/Filters.php on line 493.
 1 SYSTEMPATH/Filters/Filters.php(493): CodeIgniter\Filters\Exceptions\FilterException::forNoAlias('cros')
 2 SYSTEMPATH/Filters/Filters.php(243): CodeIgniter\Filters\Filters->processAliasesToClass('before')
 3 SYSTEMPATH/Filters/Filters.php(163): CodeIgniter\Filters\Filters->initialize('/')
 4 SYSTEMPATH/CodeIgniter.php(473): CodeIgniter\Filters\Filters->run('/', 'before')
 5 SYSTEMPATH/CodeIgniter.php(368): CodeIgniter\CodeIgniter->handleRequest(null, Object(Config\Cache), false)
 6 FCPATH/index.php(67): CodeIgniter\CodeIgniter->run()
 7 SYSTEMPATH/Commands/Server/rewrite.php(47): require_once('FCPATH/index.php')
CRITICAL - 2023-03-14 07:50:19 --> "cros" filter must have a matching alias defined.
in SYSTEMPATH/Filters/Filters.php on line 493.
 1 SYSTEMPATH/Filters/Filters.php(493): CodeIgniter\Filters\Exceptions\FilterException::forNoAlias('cros')
 2 SYSTEMPATH/Filters/Filters.php(243): CodeIgniter\Filters\Filters->processAliasesToClass('before')
 3 SYSTEMPATH/Filters/Filters.php(163): CodeIgniter\Filters\Filters->initialize('/')
 4 SYSTEMPATH/CodeIgniter.php(473): CodeIgniter\Filters\Filters->run('/', 'before')
 5 SYSTEMPATH/CodeIgniter.php(368): CodeIgniter\CodeIgniter->handleRequest(null, Object(Config\Cache), false)
 6 FCPATH/index.php(67): CodeIgniter\CodeIgniter->run()
 7 SYSTEMPATH/Commands/Server/rewrite.php(47): require_once('FCPATH/index.php')
ERROR - 2023-03-14 07:51:16 --> Error connecting to the database: mysqli_sql_exception: No such file or directory in /Users/mac/Sites/api-buma/vendor/codeigniter4/framework/system/Database/MySQLi/Connection.php:174
Stack trace:
#0 /Users/mac/Sites/api-buma/vendor/codeigniter4/framework/system/Database/MySQLi/Connection.php(174): mysqli->real_connect('localhost', 'root', 'root', 'hr_buma', 3306, '', 0)
#1 /Users/mac/Sites/api-buma/vendor/codeigniter4/framework/system/Database/BaseConnection.php(391): CodeIgniter\Database\MySQLi\Connection->connect(false)
#2 /Users/mac/Sites/api-buma/vendor/codeigniter4/framework/system/Database/BaseConnection.php(573): CodeIgniter\Database\BaseConnection->initialize()
#3 /Users/mac/Sites/api-buma/vendor/codeigniter4/framework/system/Database/BaseBuilder.php(1616): CodeIgniter\Database\BaseConnection->query('SELECT *\nFROM `...', Array, false)
#4 /Users/mac/Sites/api-buma/vendor/codeigniter4/framework/system/Model.php(241): CodeIgniter\Database\BaseBuilder->get()
#5 /Users/mac/Sites/api-buma/vendor/codeigniter4/framework/system/BaseModel.php(618): CodeIgniter\Model->doFindAll(0, 0)
#6 /Users/mac/Sites/api-buma/app/Controllers/Karyawan.php(16): CodeIgniter\BaseModel->findAll()
#7 /Users/mac/Sites/api-buma/vendor/codeigniter4/framework/system/CodeIgniter.php(934): App\Controllers\Karyawan->index()
#8 /Users/mac/Sites/api-buma/vendor/codeigniter4/framework/system/CodeIgniter.php(499): CodeIgniter\CodeIgniter->runController(Object(App\Controllers\Karyawan))
#9 /Users/mac/Sites/api-buma/vendor/codeigniter4/framework/system/CodeIgniter.php(368): CodeIgniter\CodeIgniter->handleRequest(NULL, Object(Config\Cache), false)
#10 /Users/mac/Sites/api-buma/public/index.php(67): CodeIgniter\CodeIgniter->run()
#11 /Users/mac/Sites/api-buma/vendor/codeigniter4/framework/system/Commands/Server/rewrite.php(47): require_once('/Users/mac/Site...')
#12 {main}

Next CodeIgniter\Database\Exceptions\DatabaseException: No such file or directory in /Users/mac/Sites/api-buma/vendor/codeigniter4/framework/system/Database/MySQLi/Connection.php:218
Stack trace:
#0 /Users/mac/Sites/api-buma/vendor/codeigniter4/framework/system/Database/BaseConnection.php(391): CodeIgniter\Database\MySQLi\Connection->connect(false)
#1 /Users/mac/Sites/api-buma/vendor/codeigniter4/framework/system/Database/BaseConnection.php(573): CodeIgniter\Database\BaseConnection->initialize()
#2 /Users/mac/Sites/api-buma/vendor/codeigniter4/framework/system/Database/BaseBuilder.php(1616): CodeIgniter\Database\BaseConnection->query('SELECT *\nFROM `...', Array, false)
#3 /Users/mac/Sites/api-buma/vendor/codeigniter4/framework/system/Model.php(241): CodeIgniter\Database\BaseBuilder->get()
#4 /Users/mac/Sites/api-buma/vendor/codeigniter4/framework/system/BaseModel.php(618): CodeIgniter\Model->doFindAll(0, 0)
#5 /Users/mac/Sites/api-buma/app/Controllers/Karyawan.php(16): CodeIgniter\BaseModel->findAll()
#6 /Users/mac/Sites/api-buma/vendor/codeigniter4/framework/system/CodeIgniter.php(934): App\Controllers\Karyawan->index()
#7 /Users/mac/Sites/api-buma/vendor/codeigniter4/framework/system/CodeIgniter.php(499): CodeIgniter\CodeIgniter->runController(Object(App\Controllers\Karyawan))
#8 /Users/mac/Sites/api-buma/vendor/codeigniter4/framework/system/CodeIgniter.php(368): CodeIgniter\CodeIgniter->handleRequest(NULL, Object(Config\Cache), false)
#9 /Users/mac/Sites/api-buma/public/index.php(67): CodeIgniter\CodeIgniter->run()
#10 /Users/mac/Sites/api-buma/vendor/codeigniter4/framework/system/Commands/Server/rewrite.php(47): require_once('/Users/mac/Site...')
#11 {main}
CRITICAL - 2023-03-14 07:51:16 --> Unable to connect to the database.
Main connection [MySQLi]: No such file or directory
in SYSTEMPATH/Database/BaseConnection.php on line 427.
 1 SYSTEMPATH/Database/BaseConnection.php(573): CodeIgniter\Database\BaseConnection->initialize()
 2 SYSTEMPATH/Database/BaseBuilder.php(1616): CodeIgniter\Database\BaseConnection->query('SELECT *
FROM `karyawan`', [], false)
 3 SYSTEMPATH/Model.php(241): CodeIgniter\Database\BaseBuilder->get()
 4 SYSTEMPATH/BaseModel.php(618): CodeIgniter\Model->doFindAll(0, 0)
 5 APPPATH/Controllers/Karyawan.php(16): CodeIgniter\BaseModel->findAll()
 6 SYSTEMPATH/CodeIgniter.php(934): App\Controllers\Karyawan->index()
 7 SYSTEMPATH/CodeIgniter.php(499): CodeIgniter\CodeIgniter->runController(Object(App\Controllers\Karyawan))
 8 SYSTEMPATH/CodeIgniter.php(368): CodeIgniter\CodeIgniter->handleRequest(null, Object(Config\Cache), false)
 9 FCPATH/index.php(67): CodeIgniter\CodeIgniter->run()
10 SYSTEMPATH/Commands/Server/rewrite.php(47): require_once('FCPATH/index.php')
ERROR - 2023-03-14 07:51:22 --> Error connecting to the database: mysqli_sql_exception: No such file or directory in /Users/mac/Sites/api-buma/vendor/codeigniter4/framework/system/Database/MySQLi/Connection.php:174
Stack trace:
#0 /Users/mac/Sites/api-buma/vendor/codeigniter4/framework/system/Database/MySQLi/Connection.php(174): mysqli->real_connect('localhost', 'root', 'root', 'hr_buma', 3306, '', 0)
#1 /Users/mac/Sites/api-buma/vendor/codeigniter4/framework/system/Database/BaseConnection.php(391): CodeIgniter\Database\MySQLi\Connection->connect(false)
#2 /Users/mac/Sites/api-buma/vendor/codeigniter4/framework/system/Database/BaseConnection.php(573): CodeIgniter\Database\BaseConnection->initialize()
#3 /Users/mac/Sites/api-buma/vendor/codeigniter4/framework/system/Database/BaseBuilder.php(1616): CodeIgniter\Database\BaseConnection->query('SELECT *\nFROM `...', Array, false)
#4 /Users/mac/Sites/api-buma/vendor/codeigniter4/framework/system/Model.php(241): CodeIgniter\Database\BaseBuilder->get()
#5 /Users/mac/Sites/api-buma/vendor/codeigniter4/framework/system/BaseModel.php(618): CodeIgniter\Model->doFindAll(0, 0)
#6 /Users/mac/Sites/api-buma/app/Controllers/Karyawan.php(16): CodeIgniter\BaseModel->findAll()
#7 /Users/mac/Sites/api-buma/vendor/codeigniter4/framework/system/CodeIgniter.php(934): App\Controllers\Karyawan->index()
#8 /Users/mac/Sites/api-buma/vendor/codeigniter4/framework/system/CodeIgniter.php(499): CodeIgniter\CodeIgniter->runController(Object(App\Controllers\Karyawan))
#9 /Users/mac/Sites/api-buma/vendor/codeigniter4/framework/system/CodeIgniter.php(368): CodeIgniter\CodeIgniter->handleRequest(NULL, Object(Config\Cache), false)
#10 /Users/mac/Sites/api-buma/public/index.php(67): CodeIgniter\CodeIgniter->run()
#11 /Users/mac/Sites/api-buma/vendor/codeigniter4/framework/system/Commands/Server/rewrite.php(47): require_once('/Users/mac/Site...')
#12 {main}

Next CodeIgniter\Database\Exceptions\DatabaseException: No such file or directory in /Users/mac/Sites/api-buma/vendor/codeigniter4/framework/system/Database/MySQLi/Connection.php:218
Stack trace:
#0 /Users/mac/Sites/api-buma/vendor/codeigniter4/framework/system/Database/BaseConnection.php(391): CodeIgniter\Database\MySQLi\Connection->connect(false)
#1 /Users/mac/Sites/api-buma/vendor/codeigniter4/framework/system/Database/BaseConnection.php(573): CodeIgniter\Database\BaseConnection->initialize()
#2 /Users/mac/Sites/api-buma/vendor/codeigniter4/framework/system/Database/BaseBuilder.php(1616): CodeIgniter\Database\BaseConnection->query('SELECT *\nFROM `...', Array, false)
#3 /Users/mac/Sites/api-buma/vendor/codeigniter4/framework/system/Model.php(241): CodeIgniter\Database\BaseBuilder->get()
#4 /Users/mac/Sites/api-buma/vendor/codeigniter4/framework/system/BaseModel.php(618): CodeIgniter\Model->doFindAll(0, 0)
#5 /Users/mac/Sites/api-buma/app/Controllers/Karyawan.php(16): CodeIgniter\BaseModel->findAll()
#6 /Users/mac/Sites/api-buma/vendor/codeigniter4/framework/system/CodeIgniter.php(934): App\Controllers\Karyawan->index()
#7 /Users/mac/Sites/api-buma/vendor/codeigniter4/framework/system/CodeIgniter.php(499): CodeIgniter\CodeIgniter->runController(Object(App\Controllers\Karyawan))
#8 /Users/mac/Sites/api-buma/vendor/codeigniter4/framework/system/CodeIgniter.php(368): CodeIgniter\CodeIgniter->handleRequest(NULL, Object(Config\Cache), false)
#9 /Users/mac/Sites/api-buma/public/index.php(67): CodeIgniter\CodeIgniter->run()
#10 /Users/mac/Sites/api-buma/vendor/codeigniter4/framework/system/Commands/Server/rewrite.php(47): require_once('/Users/mac/Site...')
#11 {main}
CRITICAL - 2023-03-14 07:51:22 --> Unable to connect to the database.
Main connection [MySQLi]: No such file or directory
in SYSTEMPATH/Database/BaseConnection.php on line 427.
 1 SYSTEMPATH/Database/BaseConnection.php(573): CodeIgniter\Database\BaseConnection->initialize()
 2 SYSTEMPATH/Database/BaseBuilder.php(1616): CodeIgniter\Database\BaseConnection->query('SELECT *
FROM `karyawan`', [], false)
 3 SYSTEMPATH/Model.php(241): CodeIgniter\Database\BaseBuilder->get()
 4 SYSTEMPATH/BaseModel.php(618): CodeIgniter\Model->doFindAll(0, 0)
 5 APPPATH/Controllers/Karyawan.php(16): CodeIgniter\BaseModel->findAll()
 6 SYSTEMPATH/CodeIgniter.php(934): App\Controllers\Karyawan->index()
 7 SYSTEMPATH/CodeIgniter.php(499): CodeIgniter\CodeIgniter->runController(Object(App\Controllers\Karyawan))
 8 SYSTEMPATH/CodeIgniter.php(368): CodeIgniter\CodeIgniter->handleRequest(null, Object(Config\Cache), false)
 9 FCPATH/index.php(67): CodeIgniter\CodeIgniter->run()
10 SYSTEMPATH/Commands/Server/rewrite.php(47): require_once('FCPATH/index.php')
ERROR - 2023-03-14 07:52:22 --> Error connecting to the database: mysqli_sql_exception: No such file or directory in /Users/mac/Sites/api-buma/vendor/codeigniter4/framework/system/Database/MySQLi/Connection.php:174
Stack trace:
#0 /Users/mac/Sites/api-buma/vendor/codeigniter4/framework/system/Database/MySQLi/Connection.php(174): mysqli->real_connect('localhost', 'root', 'root', 'hr_buma', 3306, '', 0)
#1 /Users/mac/Sites/api-buma/vendor/codeigniter4/framework/system/Database/BaseConnection.php(391): CodeIgniter\Database\MySQLi\Connection->connect(false)
#2 /Users/mac/Sites/api-buma/vendor/codeigniter4/framework/system/Database/BaseConnection.php(573): CodeIgniter\Database\BaseConnection->initialize()
#3 /Users/mac/Sites/api-buma/vendor/codeigniter4/framework/system/Database/BaseBuilder.php(1616): CodeIgniter\Database\BaseConnection->query('SELECT *\nFROM `...', Array, false)
#4 /Users/mac/Sites/api-buma/vendor/codeigniter4/framework/system/Model.php(241): CodeIgniter\Database\BaseBuilder->get()
#5 /Users/mac/Sites/api-buma/vendor/codeigniter4/framework/system/BaseModel.php(618): CodeIgniter\Model->doFindAll(0, 0)
#6 /Users/mac/Sites/api-buma/app/Controllers/Karyawan.php(16): CodeIgniter\BaseModel->findAll()
#7 /Users/mac/Sites/api-buma/vendor/codeigniter4/framework/system/CodeIgniter.php(934): App\Controllers\Karyawan->index()
#8 /Users/mac/Sites/api-buma/vendor/codeigniter4/framework/system/CodeIgniter.php(499): CodeIgniter\CodeIgniter->runController(Object(App\Controllers\Karyawan))
#9 /Users/mac/Sites/api-buma/vendor/codeigniter4/framework/system/CodeIgniter.php(368): CodeIgniter\CodeIgniter->handleRequest(NULL, Object(Config\Cache), false)
#10 /Users/mac/Sites/api-buma/public/index.php(67): CodeIgniter\CodeIgniter->run()
#11 /Users/mac/Sites/api-buma/vendor/codeigniter4/framework/system/Commands/Server/rewrite.php(47): require_once('/Users/mac/Site...')
#12 {main}

Next CodeIgniter\Database\Exceptions\DatabaseException: No such file or directory in /Users/mac/Sites/api-buma/vendor/codeigniter4/framework/system/Database/MySQLi/Connection.php:218
Stack trace:
#0 /Users/mac/Sites/api-buma/vendor/codeigniter4/framework/system/Database/BaseConnection.php(391): CodeIgniter\Database\MySQLi\Connection->connect(false)
#1 /Users/mac/Sites/api-buma/vendor/codeigniter4/framework/system/Database/BaseConnection.php(573): CodeIgniter\Database\BaseConnection->initialize()
#2 /Users/mac/Sites/api-buma/vendor/codeigniter4/framework/system/Database/BaseBuilder.php(1616): CodeIgniter\Database\BaseConnection->query('SELECT *\nFROM `...', Array, false)
#3 /Users/mac/Sites/api-buma/vendor/codeigniter4/framework/system/Model.php(241): CodeIgniter\Database\BaseBuilder->get()
#4 /Users/mac/Sites/api-buma/vendor/codeigniter4/framework/system/BaseModel.php(618): CodeIgniter\Model->doFindAll(0, 0)
#5 /Users/mac/Sites/api-buma/app/Controllers/Karyawan.php(16): CodeIgniter\BaseModel->findAll()
#6 /Users/mac/Sites/api-buma/vendor/codeigniter4/framework/system/CodeIgniter.php(934): App\Controllers\Karyawan->index()
#7 /Users/mac/Sites/api-buma/vendor/codeigniter4/framework/system/CodeIgniter.php(499): CodeIgniter\CodeIgniter->runController(Object(App\Controllers\Karyawan))
#8 /Users/mac/Sites/api-buma/vendor/codeigniter4/framework/system/CodeIgniter.php(368): CodeIgniter\CodeIgniter->handleRequest(NULL, Object(Config\Cache), false)
#9 /Users/mac/Sites/api-buma/public/index.php(67): CodeIgniter\CodeIgniter->run()
#10 /Users/mac/Sites/api-buma/vendor/codeigniter4/framework/system/Commands/Server/rewrite.php(47): require_once('/Users/mac/Site...')
#11 {main}
CRITICAL - 2023-03-14 07:52:22 --> Unable to connect to the database.
Main connection [MySQLi]: No such file or directory
in SYSTEMPATH/Database/BaseConnection.php on line 427.
 1 SYSTEMPATH/Database/BaseConnection.php(573): CodeIgniter\Database\BaseConnection->initialize()
 2 SYSTEMPATH/Database/BaseBuilder.php(1616): CodeIgniter\Database\BaseConnection->query('SELECT *
FROM `karyawan`', [], false)
 3 SYSTEMPATH/Model.php(241): CodeIgniter\Database\BaseBuilder->get()
 4 SYSTEMPATH/BaseModel.php(618): CodeIgniter\Model->doFindAll(0, 0)
 5 APPPATH/Controllers/Karyawan.php(16): CodeIgniter\BaseModel->findAll()
 6 SYSTEMPATH/CodeIgniter.php(934): App\Controllers\Karyawan->index()
 7 SYSTEMPATH/CodeIgniter.php(499): CodeIgniter\CodeIgniter->runController(Object(App\Controllers\Karyawan))
 8 SYSTEMPATH/CodeIgniter.php(368): CodeIgniter\CodeIgniter->handleRequest(null, Object(Config\Cache), false)
 9 FCPATH/index.php(67): CodeIgniter\CodeIgniter->run()
10 SYSTEMPATH/Commands/Server/rewrite.php(47): require_once('FCPATH/index.php')
ERROR - 2023-03-14 07:53:58 --> Error connecting to the database: mysqli_sql_exception: No such file or directory in /Users/mac/Sites/api-buma/vendor/codeigniter4/framework/system/Database/MySQLi/Connection.php:174
Stack trace:
#0 /Users/mac/Sites/api-buma/vendor/codeigniter4/framework/system/Database/MySQLi/Connection.php(174): mysqli->real_connect('localhost', 'root', 'root', 'hr_buma', 3306, '', 0)
#1 /Users/mac/Sites/api-buma/vendor/codeigniter4/framework/system/Database/BaseConnection.php(391): CodeIgniter\Database\MySQLi\Connection->connect(false)
#2 /Users/mac/Sites/api-buma/vendor/codeigniter4/framework/system/Database/BaseConnection.php(573): CodeIgniter\Database\BaseConnection->initialize()
#3 /Users/mac/Sites/api-buma/vendor/codeigniter4/framework/system/Database/BaseBuilder.php(1616): CodeIgniter\Database\BaseConnection->query('SELECT *\nFROM `...', Array, false)
#4 /Users/mac/Sites/api-buma/vendor/codeigniter4/framework/system/Model.php(241): CodeIgniter\Database\BaseBuilder->get()
#5 /Users/mac/Sites/api-buma/vendor/codeigniter4/framework/system/BaseModel.php(618): CodeIgniter\Model->doFindAll(0, 0)
#6 /Users/mac/Sites/api-buma/app/Controllers/Karyawan.php(16): CodeIgniter\BaseModel->findAll()
#7 /Users/mac/Sites/api-buma/vendor/codeigniter4/framework/system/CodeIgniter.php(934): App\Controllers\Karyawan->index()
#8 /Users/mac/Sites/api-buma/vendor/codeigniter4/framework/system/CodeIgniter.php(499): CodeIgniter\CodeIgniter->runController(Object(App\Controllers\Karyawan))
#9 /Users/mac/Sites/api-buma/vendor/codeigniter4/framework/system/CodeIgniter.php(368): CodeIgniter\CodeIgniter->handleRequest(NULL, Object(Config\Cache), false)
#10 /Users/mac/Sites/api-buma/public/index.php(67): CodeIgniter\CodeIgniter->run()
#11 /Users/mac/Sites/api-buma/vendor/codeigniter4/framework/system/Commands/Server/rewrite.php(47): require_once('/Users/mac/Site...')
#12 {main}

Next CodeIgniter\Database\Exceptions\DatabaseException: No such file or directory in /Users/mac/Sites/api-buma/vendor/codeigniter4/framework/system/Database/MySQLi/Connection.php:218
Stack trace:
#0 /Users/mac/Sites/api-buma/vendor/codeigniter4/framework/system/Database/BaseConnection.php(391): CodeIgniter\Database\MySQLi\Connection->connect(false)
#1 /Users/mac/Sites/api-buma/vendor/codeigniter4/framework/system/Database/BaseConnection.php(573): CodeIgniter\Database\BaseConnection->initialize()
#2 /Users/mac/Sites/api-buma/vendor/codeigniter4/framework/system/Database/BaseBuilder.php(1616): CodeIgniter\Database\BaseConnection->query('SELECT *\nFROM `...', Array, false)
#3 /Users/mac/Sites/api-buma/vendor/codeigniter4/framework/system/Model.php(241): CodeIgniter\Database\BaseBuilder->get()
#4 /Users/mac/Sites/api-buma/vendor/codeigniter4/framework/system/BaseModel.php(618): CodeIgniter\Model->doFindAll(0, 0)
#5 /Users/mac/Sites/api-buma/app/Controllers/Karyawan.php(16): CodeIgniter\BaseModel->findAll()
#6 /Users/mac/Sites/api-buma/vendor/codeigniter4/framework/system/CodeIgniter.php(934): App\Controllers\Karyawan->index()
#7 /Users/mac/Sites/api-buma/vendor/codeigniter4/framework/system/CodeIgniter.php(499): CodeIgniter\CodeIgniter->runController(Object(App\Controllers\Karyawan))
#8 /Users/mac/Sites/api-buma/vendor/codeigniter4/framework/system/CodeIgniter.php(368): CodeIgniter\CodeIgniter->handleRequest(NULL, Object(Config\Cache), false)
#9 /Users/mac/Sites/api-buma/public/index.php(67): CodeIgniter\CodeIgniter->run()
#10 /Users/mac/Sites/api-buma/vendor/codeigniter4/framework/system/Commands/Server/rewrite.php(47): require_once('/Users/mac/Site...')
#11 {main}
CRITICAL - 2023-03-14 07:53:58 --> Unable to connect to the database.
Main connection [MySQLi]: No such file or directory
in SYSTEMPATH/Database/BaseConnection.php on line 427.
 1 SYSTEMPATH/Database/BaseConnection.php(573): CodeIgniter\Database\BaseConnection->initialize()
 2 SYSTEMPATH/Database/BaseBuilder.php(1616): CodeIgniter\Database\BaseConnection->query('SELECT *
FROM `karyawan`', [], false)
 3 SYSTEMPATH/Model.php(241): CodeIgniter\Database\BaseBuilder->get()
 4 SYSTEMPATH/BaseModel.php(618): CodeIgniter\Model->doFindAll(0, 0)
 5 APPPATH/Controllers/Karyawan.php(16): CodeIgniter\BaseModel->findAll()
 6 SYSTEMPATH/CodeIgniter.php(934): App\Controllers\Karyawan->index()
 7 SYSTEMPATH/CodeIgniter.php(499): CodeIgniter\CodeIgniter->runController(Object(App\Controllers\Karyawan))
 8 SYSTEMPATH/CodeIgniter.php(368): CodeIgniter\CodeIgniter->handleRequest(null, Object(Config\Cache), false)
 9 FCPATH/index.php(67): CodeIgniter\CodeIgniter->run()
10 SYSTEMPATH/Commands/Server/rewrite.php(47): require_once('FCPATH/index.php')
ERROR - 2023-03-14 07:55:44 --> Error connecting to the database: mysqli_sql_exception: No such file or directory in /Users/mac/Sites/api-buma/vendor/codeigniter4/framework/system/Database/MySQLi/Connection.php:174
Stack trace:
#0 /Users/mac/Sites/api-buma/vendor/codeigniter4/framework/system/Database/MySQLi/Connection.php(174): mysqli->real_connect('localhost', 'root', 'root', 'hr_buma', 3306, '', 0)
#1 /Users/mac/Sites/api-buma/vendor/codeigniter4/framework/system/Database/BaseConnection.php(391): CodeIgniter\Database\MySQLi\Connection->connect(false)
#2 /Users/mac/Sites/api-buma/vendor/codeigniter4/framework/system/Database/BaseConnection.php(573): CodeIgniter\Database\BaseConnection->initialize()
#3 /Users/mac/Sites/api-buma/vendor/codeigniter4/framework/system/Database/BaseBuilder.php(1616): CodeIgniter\Database\BaseConnection->query('SELECT *\nFROM `...', Array, false)
#4 /Users/mac/Sites/api-buma/vendor/codeigniter4/framework/system/Model.php(241): CodeIgniter\Database\BaseBuilder->get()
#5 /Users/mac/Sites/api-buma/vendor/codeigniter4/framework/system/BaseModel.php(618): CodeIgniter\Model->doFindAll(0, 0)
#6 /Users/mac/Sites/api-buma/app/Controllers/Karyawan.php(16): CodeIgniter\BaseModel->findAll()
#7 /Users/mac/Sites/api-buma/vendor/codeigniter4/framework/system/CodeIgniter.php(934): App\Controllers\Karyawan->index()
#8 /Users/mac/Sites/api-buma/vendor/codeigniter4/framework/system/CodeIgniter.php(499): CodeIgniter\CodeIgniter->runController(Object(App\Controllers\Karyawan))
#9 /Users/mac/Sites/api-buma/vendor/codeigniter4/framework/system/CodeIgniter.php(368): CodeIgniter\CodeIgniter->handleRequest(NULL, Object(Config\Cache), false)
#10 /Users/mac/Sites/api-buma/public/index.php(67): CodeIgniter\CodeIgniter->run()
#11 /Users/mac/Sites/api-buma/vendor/codeigniter4/framework/system/Commands/Server/rewrite.php(47): require_once('/Users/mac/Site...')
#12 {main}

Next CodeIgniter\Database\Exceptions\DatabaseException: No such file or directory in /Users/mac/Sites/api-buma/vendor/codeigniter4/framework/system/Database/MySQLi/Connection.php:218
Stack trace:
#0 /Users/mac/Sites/api-buma/vendor/codeigniter4/framework/system/Database/BaseConnection.php(391): CodeIgniter\Database\MySQLi\Connection->connect(false)
#1 /Users/mac/Sites/api-buma/vendor/codeigniter4/framework/system/Database/BaseConnection.php(573): CodeIgniter\Database\BaseConnection->initialize()
#2 /Users/mac/Sites/api-buma/vendor/codeigniter4/framework/system/Database/BaseBuilder.php(1616): CodeIgniter\Database\BaseConnection->query('SELECT *\nFROM `...', Array, false)
#3 /Users/mac/Sites/api-buma/vendor/codeigniter4/framework/system/Model.php(241): CodeIgniter\Database\BaseBuilder->get()
#4 /Users/mac/Sites/api-buma/vendor/codeigniter4/framework/system/BaseModel.php(618): CodeIgniter\Model->doFindAll(0, 0)
#5 /Users/mac/Sites/api-buma/app/Controllers/Karyawan.php(16): CodeIgniter\BaseModel->findAll()
#6 /Users/mac/Sites/api-buma/vendor/codeigniter4/framework/system/CodeIgniter.php(934): App\Controllers\Karyawan->index()
#7 /Users/mac/Sites/api-buma/vendor/codeigniter4/framework/system/CodeIgniter.php(499): CodeIgniter\CodeIgniter->runController(Object(App\Controllers\Karyawan))
#8 /Users/mac/Sites/api-buma/vendor/codeigniter4/framework/system/CodeIgniter.php(368): CodeIgniter\CodeIgniter->handleRequest(NULL, Object(Config\Cache), false)
#9 /Users/mac/Sites/api-buma/public/index.php(67): CodeIgniter\CodeIgniter->run()
#10 /Users/mac/Sites/api-buma/vendor/codeigniter4/framework/system/Commands/Server/rewrite.php(47): require_once('/Users/mac/Site...')
#11 {main}
CRITICAL - 2023-03-14 07:55:44 --> Unable to connect to the database.
Main connection [MySQLi]: No such file or directory
in SYSTEMPATH/Database/BaseConnection.php on line 427.
 1 SYSTEMPATH/Database/BaseConnection.php(573): CodeIgniter\Database\BaseConnection->initialize()
 2 SYSTEMPATH/Database/BaseBuilder.php(1616): CodeIgniter\Database\BaseConnection->query('SELECT *
FROM `karyawan`', [], false)
 3 SYSTEMPATH/Model.php(241): CodeIgniter\Database\BaseBuilder->get()
 4 SYSTEMPATH/BaseModel.php(618): CodeIgniter\Model->doFindAll(0, 0)
 5 APPPATH/Controllers/Karyawan.php(16): CodeIgniter\BaseModel->findAll()
 6 SYSTEMPATH/CodeIgniter.php(934): App\Controllers\Karyawan->index()
 7 SYSTEMPATH/CodeIgniter.php(499): CodeIgniter\CodeIgniter->runController(Object(App\Controllers\Karyawan))
 8 SYSTEMPATH/CodeIgniter.php(368): CodeIgniter\CodeIgniter->handleRequest(null, Object(Config\Cache), false)
 9 FCPATH/index.php(67): CodeIgniter\CodeIgniter->run()
10 SYSTEMPATH/Commands/Server/rewrite.php(47): require_once('FCPATH/index.php')
ERROR - 2023-03-14 07:57:02 --> Error connecting to the database: ErrorException: mysqli::real_connect(): Error while reading greeting packet. PID=16313 in /Users/mac/Sites/api-buma/vendor/codeigniter4/framework/system/Database/MySQLi/Connection.php:174
Stack trace:
#0 [internal function]: CodeIgniter\Debug\Exceptions->errorHandler(2, 'mysqli::real_co...', '/Users/mac/Site...', 174)
#1 /Users/mac/Sites/api-buma/vendor/codeigniter4/framework/system/Database/MySQLi/Connection.php(174): mysqli->real_connect('localhost:8888', 'root', 'root', 'hr_buma', 3306, '', 0)
#2 /Users/mac/Sites/api-buma/vendor/codeigniter4/framework/system/Database/BaseConnection.php(391): CodeIgniter\Database\MySQLi\Connection->connect(false)
#3 /Users/mac/Sites/api-buma/vendor/codeigniter4/framework/system/Database/BaseConnection.php(573): CodeIgniter\Database\BaseConnection->initialize()
#4 /Users/mac/Sites/api-buma/vendor/codeigniter4/framework/system/Database/BaseBuilder.php(1616): CodeIgniter\Database\BaseConnection->query('SELECT *\nFROM `...', Array, false)
#5 /Users/mac/Sites/api-buma/vendor/codeigniter4/framework/system/Model.php(241): CodeIgniter\Database\BaseBuilder->get()
#6 /Users/mac/Sites/api-buma/vendor/codeigniter4/framework/system/BaseModel.php(618): CodeIgniter\Model->doFindAll(0, 0)
#7 /Users/mac/Sites/api-buma/app/Controllers/Karyawan.php(16): CodeIgniter\BaseModel->findAll()
#8 /Users/mac/Sites/api-buma/vendor/codeigniter4/framework/system/CodeIgniter.php(934): App\Controllers\Karyawan->index()
#9 /Users/mac/Sites/api-buma/vendor/codeigniter4/framework/system/CodeIgniter.php(499): CodeIgniter\CodeIgniter->runController(Object(App\Controllers\Karyawan))
#10 /Users/mac/Sites/api-buma/vendor/codeigniter4/framework/system/CodeIgniter.php(368): CodeIgniter\CodeIgniter->handleRequest(NULL, Object(Config\Cache), false)
#11 /Users/mac/Sites/api-buma/public/index.php(67): CodeIgniter\CodeIgniter->run()
#12 /Users/mac/Sites/api-buma/vendor/codeigniter4/framework/system/Commands/Server/rewrite.php(47): require_once('/Users/mac/Site...')
#13 {main}

Next mysqli_sql_exception: MySQL server has gone away in /Users/mac/Sites/api-buma/vendor/codeigniter4/framework/system/Database/MySQLi/Connection.php:174
Stack trace:
#0 /Users/mac/Sites/api-buma/vendor/codeigniter4/framework/system/Database/MySQLi/Connection.php(174): mysqli->real_connect('localhost:8888', 'root', 'root', 'hr_buma', 3306, '', 0)
#1 /Users/mac/Sites/api-buma/vendor/codeigniter4/framework/system/Database/BaseConnection.php(391): CodeIgniter\Database\MySQLi\Connection->connect(false)
#2 /Users/mac/Sites/api-buma/vendor/codeigniter4/framework/system/Database/BaseConnection.php(573): CodeIgniter\Database\BaseConnection->initialize()
#3 /Users/mac/Sites/api-buma/vendor/codeigniter4/framework/system/Database/BaseBuilder.php(1616): CodeIgniter\Database\BaseConnection->query('SELECT *\nFROM `...', Array, false)
#4 /Users/mac/Sites/api-buma/vendor/codeigniter4/framework/system/Model.php(241): CodeIgniter\Database\BaseBuilder->get()
#5 /Users/mac/Sites/api-buma/vendor/codeigniter4/framework/system/BaseModel.php(618): CodeIgniter\Model->doFindAll(0, 0)
#6 /Users/mac/Sites/api-buma/app/Controllers/Karyawan.php(16): CodeIgniter\BaseModel->findAll()
#7 /Users/mac/Sites/api-buma/vendor/codeigniter4/framework/system/CodeIgniter.php(934): App\Controllers\Karyawan->index()
#8 /Users/mac/Sites/api-buma/vendor/codeigniter4/framework/system/CodeIgniter.php(499): CodeIgniter\CodeIgniter->runController(Object(App\Controllers\Karyawan))
#9 /Users/mac/Sites/api-buma/vendor/codeigniter4/framework/system/CodeIgniter.php(368): CodeIgniter\CodeIgniter->handleRequest(NULL, Object(Config\Cache), false)
#10 /Users/mac/Sites/api-buma/public/index.php(67): CodeIgniter\CodeIgniter->run()
#11 /Users/mac/Sites/api-buma/vendor/codeigniter4/framework/system/Commands/Server/rewrite.php(47): require_once('/Users/mac/Site...')
#12 {main}

Next CodeIgniter\Database\Exceptions\DatabaseException: MySQL server has gone away in /Users/mac/Sites/api-buma/vendor/codeigniter4/framework/system/Database/MySQLi/Connection.php:218
Stack trace:
#0 /Users/mac/Sites/api-buma/vendor/codeigniter4/framework/system/Database/BaseConnection.php(391): CodeIgniter\Database\MySQLi\Connection->connect(false)
#1 /Users/mac/Sites/api-buma/vendor/codeigniter4/framework/system/Database/BaseConnection.php(573): CodeIgniter\Database\BaseConnection->initialize()
#2 /Users/mac/Sites/api-buma/vendor/codeigniter4/framework/system/Database/BaseBuilder.php(1616): CodeIgniter\Database\BaseConnection->query('SELECT *\nFROM `...', Array, false)
#3 /Users/mac/Sites/api-buma/vendor/codeigniter4/framework/system/Model.php(241): CodeIgniter\Database\BaseBuilder->get()
#4 /Users/mac/Sites/api-buma/vendor/codeigniter4/framework/system/BaseModel.php(618): CodeIgniter\Model->doFindAll(0, 0)
#5 /Users/mac/Sites/api-buma/app/Controllers/Karyawan.php(16): CodeIgniter\BaseModel->findAll()
#6 /Users/mac/Sites/api-buma/vendor/codeigniter4/framework/system/CodeIgniter.php(934): App\Controllers\Karyawan->index()
#7 /Users/mac/Sites/api-buma/vendor/codeigniter4/framework/system/CodeIgniter.php(499): CodeIgniter\CodeIgniter->runController(Object(App\Controllers\Karyawan))
#8 /Users/mac/Sites/api-buma/vendor/codeigniter4/framework/system/CodeIgniter.php(368): CodeIgniter\CodeIgniter->handleRequest(NULL, Object(Config\Cache), false)
#9 /Users/mac/Sites/api-buma/public/index.php(67): CodeIgniter\CodeIgniter->run()
#10 /Users/mac/Sites/api-buma/vendor/codeigniter4/framework/system/Commands/Server/rewrite.php(47): require_once('/Users/mac/Site...')
#11 {main}
CRITICAL - 2023-03-14 07:57:02 --> Unable to connect to the database.
Main connection [MySQLi]: MySQL server has gone away
in SYSTEMPATH/Database/BaseConnection.php on line 427.
 1 SYSTEMPATH/Database/BaseConnection.php(573): CodeIgniter\Database\BaseConnection->initialize()
 2 SYSTEMPATH/Database/BaseBuilder.php(1616): CodeIgniter\Database\BaseConnection->query('SELECT *
FROM `karyawan`', [], false)
 3 SYSTEMPATH/Model.php(241): CodeIgniter\Database\BaseBuilder->get()
 4 SYSTEMPATH/BaseModel.php(618): CodeIgniter\Model->doFindAll(0, 0)
 5 APPPATH/Controllers/Karyawan.php(16): CodeIgniter\BaseModel->findAll()
 6 SYSTEMPATH/CodeIgniter.php(934): App\Controllers\Karyawan->index()
 7 SYSTEMPATH/CodeIgniter.php(499): CodeIgniter\CodeIgniter->runController(Object(App\Controllers\Karyawan))
 8 SYSTEMPATH/CodeIgniter.php(368): CodeIgniter\CodeIgniter->handleRequest(null, Object(Config\Cache), false)
 9 FCPATH/index.php(67): CodeIgniter\CodeIgniter->run()
10 SYSTEMPATH/Commands/Server/rewrite.php(47): require_once('FCPATH/index.php')
ERROR - 2023-03-14 07:57:22 --> Error connecting to the database: ErrorException: mysqli::real_connect(): Error while reading greeting packet. PID=16313 in /Users/mac/Sites/api-buma/vendor/codeigniter4/framework/system/Database/MySQLi/Connection.php:174
Stack trace:
#0 [internal function]: CodeIgniter\Debug\Exceptions->errorHandler(2, 'mysqli::real_co...', '/Users/mac/Site...', 174)
#1 /Users/mac/Sites/api-buma/vendor/codeigniter4/framework/system/Database/MySQLi/Connection.php(174): mysqli->real_connect('localhost:8888', 'root', 'root', 'hr_buma', 3306, '', 0)
#2 /Users/mac/Sites/api-buma/vendor/codeigniter4/framework/system/Database/BaseConnection.php(391): CodeIgniter\Database\MySQLi\Connection->connect(false)
#3 /Users/mac/Sites/api-buma/vendor/codeigniter4/framework/system/Database/BaseConnection.php(573): CodeIgniter\Database\BaseConnection->initialize()
#4 /Users/mac/Sites/api-buma/vendor/codeigniter4/framework/system/Database/BaseBuilder.php(1616): CodeIgniter\Database\BaseConnection->query('SELECT *\nFROM `...', Array, false)
#5 /Users/mac/Sites/api-buma/vendor/codeigniter4/framework/system/Model.php(241): CodeIgniter\Database\BaseBuilder->get()
#6 /Users/mac/Sites/api-buma/vendor/codeigniter4/framework/system/BaseModel.php(618): CodeIgniter\Model->doFindAll(0, 0)
#7 /Users/mac/Sites/api-buma/app/Controllers/Karyawan.php(16): CodeIgniter\BaseModel->findAll()
#8 /Users/mac/Sites/api-buma/vendor/codeigniter4/framework/system/CodeIgniter.php(934): App\Controllers\Karyawan->index()
#9 /Users/mac/Sites/api-buma/vendor/codeigniter4/framework/system/CodeIgniter.php(499): CodeIgniter\CodeIgniter->runController(Object(App\Controllers\Karyawan))
#10 /Users/mac/Sites/api-buma/vendor/codeigniter4/framework/system/CodeIgniter.php(368): CodeIgniter\CodeIgniter->handleRequest(NULL, Object(Config\Cache), false)
#11 /Users/mac/Sites/api-buma/public/index.php(67): CodeIgniter\CodeIgniter->run()
#12 /Users/mac/Sites/api-buma/vendor/codeigniter4/framework/system/Commands/Server/rewrite.php(47): require_once('/Users/mac/Site...')
#13 {main}

Next mysqli_sql_exception: MySQL server has gone away in /Users/mac/Sites/api-buma/vendor/codeigniter4/framework/system/Database/MySQLi/Connection.php:174
Stack trace:
#0 /Users/mac/Sites/api-buma/vendor/codeigniter4/framework/system/Database/MySQLi/Connection.php(174): mysqli->real_connect('localhost:8888', 'root', 'root', 'hr_buma', 3306, '', 0)
#1 /Users/mac/Sites/api-buma/vendor/codeigniter4/framework/system/Database/BaseConnection.php(391): CodeIgniter\Database\MySQLi\Connection->connect(false)
#2 /Users/mac/Sites/api-buma/vendor/codeigniter4/framework/system/Database/BaseConnection.php(573): CodeIgniter\Database\BaseConnection->initialize()
#3 /Users/mac/Sites/api-buma/vendor/codeigniter4/framework/system/Database/BaseBuilder.php(1616): CodeIgniter\Database\BaseConnection->query('SELECT *\nFROM `...', Array, false)
#4 /Users/mac/Sites/api-buma/vendor/codeigniter4/framework/system/Model.php(241): CodeIgniter\Database\BaseBuilder->get()
#5 /Users/mac/Sites/api-buma/vendor/codeigniter4/framework/system/BaseModel.php(618): CodeIgniter\Model->doFindAll(0, 0)
#6 /Users/mac/Sites/api-buma/app/Controllers/Karyawan.php(16): CodeIgniter\BaseModel->findAll()
#7 /Users/mac/Sites/api-buma/vendor/codeigniter4/framework/system/CodeIgniter.php(934): App\Controllers\Karyawan->index()
#8 /Users/mac/Sites/api-buma/vendor/codeigniter4/framework/system/CodeIgniter.php(499): CodeIgniter\CodeIgniter->runController(Object(App\Controllers\Karyawan))
#9 /Users/mac/Sites/api-buma/vendor/codeigniter4/framework/system/CodeIgniter.php(368): CodeIgniter\CodeIgniter->handleRequest(NULL, Object(Config\Cache), false)
#10 /Users/mac/Sites/api-buma/public/index.php(67): CodeIgniter\CodeIgniter->run()
#11 /Users/mac/Sites/api-buma/vendor/codeigniter4/framework/system/Commands/Server/rewrite.php(47): require_once('/Users/mac/Site...')
#12 {main}

Next CodeIgniter\Database\Exceptions\DatabaseException: MySQL server has gone away in /Users/mac/Sites/api-buma/vendor/codeigniter4/framework/system/Database/MySQLi/Connection.php:218
Stack trace:
#0 /Users/mac/Sites/api-buma/vendor/codeigniter4/framework/system/Database/BaseConnection.php(391): CodeIgniter\Database\MySQLi\Connection->connect(false)
#1 /Users/mac/Sites/api-buma/vendor/codeigniter4/framework/system/Database/BaseConnection.php(573): CodeIgniter\Database\BaseConnection->initialize()
#2 /Users/mac/Sites/api-buma/vendor/codeigniter4/framework/system/Database/BaseBuilder.php(1616): CodeIgniter\Database\BaseConnection->query('SELECT *\nFROM `...', Array, false)
#3 /Users/mac/Sites/api-buma/vendor/codeigniter4/framework/system/Model.php(241): CodeIgniter\Database\BaseBuilder->get()
#4 /Users/mac/Sites/api-buma/vendor/codeigniter4/framework/system/BaseModel.php(618): CodeIgniter\Model->doFindAll(0, 0)
#5 /Users/mac/Sites/api-buma/app/Controllers/Karyawan.php(16): CodeIgniter\BaseModel->findAll()
#6 /Users/mac/Sites/api-buma/vendor/codeigniter4/framework/system/CodeIgniter.php(934): App\Controllers\Karyawan->index()
#7 /Users/mac/Sites/api-buma/vendor/codeigniter4/framework/system/CodeIgniter.php(499): CodeIgniter\CodeIgniter->runController(Object(App\Controllers\Karyawan))
#8 /Users/mac/Sites/api-buma/vendor/codeigniter4/framework/system/CodeIgniter.php(368): CodeIgniter\CodeIgniter->handleRequest(NULL, Object(Config\Cache), false)
#9 /Users/mac/Sites/api-buma/public/index.php(67): CodeIgniter\CodeIgniter->run()
#10 /Users/mac/Sites/api-buma/vendor/codeigniter4/framework/system/Commands/Server/rewrite.php(47): require_once('/Users/mac/Site...')
#11 {main}
CRITICAL - 2023-03-14 07:57:22 --> Unable to connect to the database.
Main connection [MySQLi]: MySQL server has gone away
in SYSTEMPATH/Database/BaseConnection.php on line 427.
 1 SYSTEMPATH/Database/BaseConnection.php(573): CodeIgniter\Database\BaseConnection->initialize()
 2 SYSTEMPATH/Database/BaseBuilder.php(1616): CodeIgniter\Database\BaseConnection->query('SELECT *
FROM `karyawan`', [], false)
 3 SYSTEMPATH/Model.php(241): CodeIgniter\Database\BaseBuilder->get()
 4 SYSTEMPATH/BaseModel.php(618): CodeIgniter\Model->doFindAll(0, 0)
 5 APPPATH/Controllers/Karyawan.php(16): CodeIgniter\BaseModel->findAll()
 6 SYSTEMPATH/CodeIgniter.php(934): App\Controllers\Karyawan->index()
 7 SYSTEMPATH/CodeIgniter.php(499): CodeIgniter\CodeIgniter->runController(Object(App\Controllers\Karyawan))
 8 SYSTEMPATH/CodeIgniter.php(368): CodeIgniter\CodeIgniter->handleRequest(null, Object(Config\Cache), false)
 9 FCPATH/index.php(67): CodeIgniter\CodeIgniter->run()
10 SYSTEMPATH/Commands/Server/rewrite.php(47): require_once('FCPATH/index.php')
ERROR - 2023-03-14 07:57:42 --> Error connecting to the database: ErrorException: mysqli::real_connect(): Error while reading greeting packet. PID=16313 in /Users/mac/Sites/api-buma/vendor/codeigniter4/framework/system/Database/MySQLi/Connection.php:174
Stack trace:
#0 [internal function]: CodeIgniter\Debug\Exceptions->errorHandler(2, 'mysqli::real_co...', '/Users/mac/Site...', 174)
#1 /Users/mac/Sites/api-buma/vendor/codeigniter4/framework/system/Database/MySQLi/Connection.php(174): mysqli->real_connect('localhost:8888', 'root', 'root', 'hr_buma', 3306, '', 0)
#2 /Users/mac/Sites/api-buma/vendor/codeigniter4/framework/system/Database/BaseConnection.php(391): CodeIgniter\Database\MySQLi\Connection->connect(false)
#3 /Users/mac/Sites/api-buma/vendor/codeigniter4/framework/system/Database/BaseConnection.php(573): CodeIgniter\Database\BaseConnection->initialize()
#4 /Users/mac/Sites/api-buma/vendor/codeigniter4/framework/system/Database/BaseBuilder.php(1749): CodeIgniter\Database\BaseConnection->query('SELECT *\nFROM `...', Array, false)
#5 /Users/mac/Sites/api-buma/vendor/codeigniter4/framework/system/Model.php(840): CodeIgniter\Database\BaseBuilder->getWhere(Array)
#6 /Users/mac/Sites/api-buma/app/Controllers/Karyawan.php(24): CodeIgniter\Model->__call('getWhere', Array)
#7 /Users/mac/Sites/api-buma/vendor/codeigniter4/framework/system/CodeIgniter.php(934): App\Controllers\Karyawan->show('10000132')
#8 /Users/mac/Sites/api-buma/vendor/codeigniter4/framework/system/CodeIgniter.php(499): CodeIgniter\CodeIgniter->runController(Object(App\Controllers\Karyawan))
#9 /Users/mac/Sites/api-buma/vendor/codeigniter4/framework/system/CodeIgniter.php(368): CodeIgniter\CodeIgniter->handleRequest(NULL, Object(Config\Cache), false)
#10 /Users/mac/Sites/api-buma/public/index.php(67): CodeIgniter\CodeIgniter->run()
#11 /Users/mac/Sites/api-buma/vendor/codeigniter4/framework/system/Commands/Server/rewrite.php(47): require_once('/Users/mac/Site...')
#12 {main}

Next mysqli_sql_exception: MySQL server has gone away in /Users/mac/Sites/api-buma/vendor/codeigniter4/framework/system/Database/MySQLi/Connection.php:174
Stack trace:
#0 /Users/mac/Sites/api-buma/vendor/codeigniter4/framework/system/Database/MySQLi/Connection.php(174): mysqli->real_connect('localhost:8888', 'root', 'root', 'hr_buma', 3306, '', 0)
#1 /Users/mac/Sites/api-buma/vendor/codeigniter4/framework/system/Database/BaseConnection.php(391): CodeIgniter\Database\MySQLi\Connection->connect(false)
#2 /Users/mac/Sites/api-buma/vendor/codeigniter4/framework/system/Database/BaseConnection.php(573): CodeIgniter\Database\BaseConnection->initialize()
#3 /Users/mac/Sites/api-buma/vendor/codeigniter4/framework/system/Database/BaseBuilder.php(1749): CodeIgniter\Database\BaseConnection->query('SELECT *\nFROM `...', Array, false)
#4 /Users/mac/Sites/api-buma/vendor/codeigniter4/framework/system/Model.php(840): CodeIgniter\Database\BaseBuilder->getWhere(Array)
#5 /Users/mac/Sites/api-buma/app/Controllers/Karyawan.php(24): CodeIgniter\Model->__call('getWhere', Array)
#6 /Users/mac/Sites/api-buma/vendor/codeigniter4/framework/system/CodeIgniter.php(934): App\Controllers\Karyawan->show('10000132')
#7 /Users/mac/Sites/api-buma/vendor/codeigniter4/framework/system/CodeIgniter.php(499): CodeIgniter\CodeIgniter->runController(Object(App\Controllers\Karyawan))
#8 /Users/mac/Sites/api-buma/vendor/codeigniter4/framework/system/CodeIgniter.php(368): CodeIgniter\CodeIgniter->handleRequest(NULL, Object(Config\Cache), false)
#9 /Users/mac/Sites/api-buma/public/index.php(67): CodeIgniter\CodeIgniter->run()
#10 /Users/mac/Sites/api-buma/vendor/codeigniter4/framework/system/Commands/Server/rewrite.php(47): require_once('/Users/mac/Site...')
#11 {main}

Next CodeIgniter\Database\Exceptions\DatabaseException: MySQL server has gone away in /Users/mac/Sites/api-buma/vendor/codeigniter4/framework/system/Database/MySQLi/Connection.php:218
Stack trace:
#0 /Users/mac/Sites/api-buma/vendor/codeigniter4/framework/system/Database/BaseConnection.php(391): CodeIgniter\Database\MySQLi\Connection->connect(false)
#1 /Users/mac/Sites/api-buma/vendor/codeigniter4/framework/system/Database/BaseConnection.php(573): CodeIgniter\Database\BaseConnection->initialize()
#2 /Users/mac/Sites/api-buma/vendor/codeigniter4/framework/system/Database/BaseBuilder.php(1749): CodeIgniter\Database\BaseConnection->query('SELECT *\nFROM `...', Array, false)
#3 /Users/mac/Sites/api-buma/vendor/codeigniter4/framework/system/Model.php(840): CodeIgniter\Database\BaseBuilder->getWhere(Array)
#4 /Users/mac/Sites/api-buma/app/Controllers/Karyawan.php(24): CodeIgniter\Model->__call('getWhere', Array)
#5 /Users/mac/Sites/api-buma/vendor/codeigniter4/framework/system/CodeIgniter.php(934): App\Controllers\Karyawan->show('10000132')
#6 /Users/mac/Sites/api-buma/vendor/codeigniter4/framework/system/CodeIgniter.php(499): CodeIgniter\CodeIgniter->runController(Object(App\Controllers\Karyawan))
#7 /Users/mac/Sites/api-buma/vendor/codeigniter4/framework/system/CodeIgniter.php(368): CodeIgniter\CodeIgniter->handleRequest(NULL, Object(Config\Cache), false)
#8 /Users/mac/Sites/api-buma/public/index.php(67): CodeIgniter\CodeIgniter->run()
#9 /Users/mac/Sites/api-buma/vendor/codeigniter4/framework/system/Commands/Server/rewrite.php(47): require_once('/Users/mac/Site...')
#10 {main}
CRITICAL - 2023-03-14 07:57:42 --> Unable to connect to the database.
Main connection [MySQLi]: MySQL server has gone away
in SYSTEMPATH/Database/BaseConnection.php on line 427.
 1 SYSTEMPATH/Database/BaseConnection.php(573): CodeIgniter\Database\BaseConnection->initialize()
 2 SYSTEMPATH/Database/BaseBuilder.php(1749): CodeIgniter\Database\BaseConnection->query('SELECT *
FROM `karyawan`
WHERE `nik` = :nik:', [...], false)
 3 SYSTEMPATH/Model.php(840): CodeIgniter\Database\BaseBuilder->getWhere([...])
 4 APPPATH/Controllers/Karyawan.php(24): CodeIgniter\Model->__call('getWhere', [...])
 5 SYSTEMPATH/CodeIgniter.php(934): App\Controllers\Karyawan->show('10000132')
 6 SYSTEMPATH/CodeIgniter.php(499): CodeIgniter\CodeIgniter->runController(Object(App\Controllers\Karyawan))
 7 SYSTEMPATH/CodeIgniter.php(368): CodeIgniter\CodeIgniter->handleRequest(null, Object(Config\Cache), false)
 8 FCPATH/index.php(67): CodeIgniter\CodeIgniter->run()
 9 SYSTEMPATH/Commands/Server/rewrite.php(47): require_once('FCPATH/index.php')
CRITICAL - 2023-03-14 07:58:43 --> "cros" filter must have a matching alias defined.
in SYSTEMPATH/Filters/Filters.php on line 493.
 1 SYSTEMPATH/Filters/Filters.php(493): CodeIgniter\Filters\Exceptions\FilterException::forNoAlias('cros')
 2 SYSTEMPATH/Filters/Filters.php(243): CodeIgniter\Filters\Filters->processAliasesToClass('before')
 3 SYSTEMPATH/Filters/Filters.php(163): CodeIgniter\Filters\Filters->initialize('karyawan/10000132')
 4 SYSTEMPATH/CodeIgniter.php(473): CodeIgniter\Filters\Filters->run('karyawan/10000132', 'before')
 5 SYSTEMPATH/CodeIgniter.php(368): CodeIgniter\CodeIgniter->handleRequest(null, Object(Config\Cache), false)
 6 FCPATH/index.php(67): CodeIgniter\CodeIgniter->run()
 7 SYSTEMPATH/Commands/Server/rewrite.php(47): require_once('FCPATH/index.php')
CRITICAL - 2023-03-14 07:58:43 --> "cros" filter must have a matching alias defined.
in SYSTEMPATH/Filters/Filters.php on line 493.
 1 SYSTEMPATH/Filters/Filters.php(493): CodeIgniter\Filters\Exceptions\FilterException::forNoAlias('cros')
 2 SYSTEMPATH/Filters/Filters.php(243): CodeIgniter\Filters\Filters->processAliasesToClass('before')
 3 SYSTEMPATH/Filters/Filters.php(163): CodeIgniter\Filters\Filters->initialize('karyawan')
 4 SYSTEMPATH/CodeIgniter.php(473): CodeIgniter\Filters\Filters->run('karyawan', 'before')
 5 SYSTEMPATH/CodeIgniter.php(368): CodeIgniter\CodeIgniter->handleRequest(null, Object(Config\Cache), false)
 6 FCPATH/index.php(67): CodeIgniter\CodeIgniter->run()
 7 SYSTEMPATH/Commands/Server/rewrite.php(47): require_once('FCPATH/index.php')
CRITICAL - 2023-03-14 08:01:00 --> "cros" filter must have a matching alias defined.
in SYSTEMPATH/Filters/Filters.php on line 493.
 1 SYSTEMPATH/Filters/Filters.php(493): CodeIgniter\Filters\Exceptions\FilterException::forNoAlias('cros')
 2 SYSTEMPATH/Filters/Filters.php(243): CodeIgniter\Filters\Filters->processAliasesToClass('before')
 3 SYSTEMPATH/Filters/Filters.php(163): CodeIgniter\Filters\Filters->initialize('karyawan')
 4 SYSTEMPATH/CodeIgniter.php(473): CodeIgniter\Filters\Filters->run('karyawan', 'before')
 5 SYSTEMPATH/CodeIgniter.php(368): CodeIgniter\CodeIgniter->handleRequest(null, Object(Config\Cache), false)
 6 FCPATH/index.php(67): CodeIgniter\CodeIgniter->run()
 7 SYSTEMPATH/Commands/Server/rewrite.php(47): require_once('FCPATH/index.php')
CRITICAL - 2023-03-14 08:01:00 --> "cros" filter must have a matching alias defined.
in SYSTEMPATH/Filters/Filters.php on line 493.
 1 SYSTEMPATH/Filters/Filters.php(493): CodeIgniter\Filters\Exceptions\FilterException::forNoAlias('cros')
 2 SYSTEMPATH/Filters/Filters.php(243): CodeIgniter\Filters\Filters->processAliasesToClass('before')
 3 SYSTEMPATH/Filters/Filters.php(163): CodeIgniter\Filters\Filters->initialize('karyawan')
 4 SYSTEMPATH/CodeIgniter.php(473): CodeIgniter\Filters\Filters->run('karyawan', 'before')
 5 SYSTEMPATH/CodeIgniter.php(368): CodeIgniter\CodeIgniter->handleRequest(null, Object(Config\Cache), false)
 6 FCPATH/index.php(67): CodeIgniter\CodeIgniter->run()
 7 SYSTEMPATH/Commands/Server/rewrite.php(47): require_once('FCPATH/index.php')
ERROR - 2023-03-14 08:01:35 --> Error connecting to the database: ErrorException: mysqli::real_connect(): Error while reading greeting packet. PID=16313 in /Users/mac/Sites/api-buma/vendor/codeigniter4/framework/system/Database/MySQLi/Connection.php:174
Stack trace:
#0 [internal function]: CodeIgniter\Debug\Exceptions->errorHandler(2, 'mysqli::real_co...', '/Users/mac/Site...', 174)
#1 /Users/mac/Sites/api-buma/vendor/codeigniter4/framework/system/Database/MySQLi/Connection.php(174): mysqli->real_connect('localhost:8888', 'root', 'root', 'hr_buma', 3306, '', 0)
#2 /Users/mac/Sites/api-buma/vendor/codeigniter4/framework/system/Database/BaseConnection.php(391): CodeIgniter\Database\MySQLi\Connection->connect(false)
#3 /Users/mac/Sites/api-buma/vendor/codeigniter4/framework/system/Database/BaseConnection.php(573): CodeIgniter\Database\BaseConnection->initialize()
#4 /Users/mac/Sites/api-buma/vendor/codeigniter4/framework/system/Database/BaseBuilder.php(1616): CodeIgniter\Database\BaseConnection->query('SELECT *\nFROM `...', Array, false)
#5 /Users/mac/Sites/api-buma/vendor/codeigniter4/framework/system/Model.php(241): CodeIgniter\Database\BaseBuilder->get()
#6 /Users/mac/Sites/api-buma/vendor/codeigniter4/framework/system/BaseModel.php(618): CodeIgniter\Model->doFindAll(0, 0)
#7 /Users/mac/Sites/api-buma/app/Controllers/Karyawan.php(16): CodeIgniter\BaseModel->findAll()
#8 /Users/mac/Sites/api-buma/vendor/codeigniter4/framework/system/CodeIgniter.php(934): App\Controllers\Karyawan->index()
#9 /Users/mac/Sites/api-buma/vendor/codeigniter4/framework/system/CodeIgniter.php(499): CodeIgniter\CodeIgniter->runController(Object(App\Controllers\Karyawan))
#10 /Users/mac/Sites/api-buma/vendor/codeigniter4/framework/system/CodeIgniter.php(368): CodeIgniter\CodeIgniter->handleRequest(NULL, Object(Config\Cache), false)
#11 /Users/mac/Sites/api-buma/public/index.php(67): CodeIgniter\CodeIgniter->run()
#12 /Users/mac/Sites/api-buma/vendor/codeigniter4/framework/system/Commands/Server/rewrite.php(47): require_once('/Users/mac/Site...')
#13 {main}

Next mysqli_sql_exception: MySQL server has gone away in /Users/mac/Sites/api-buma/vendor/codeigniter4/framework/system/Database/MySQLi/Connection.php:174
Stack trace:
#0 /Users/mac/Sites/api-buma/vendor/codeigniter4/framework/system/Database/MySQLi/Connection.php(174): mysqli->real_connect('localhost:8888', 'root', 'root', 'hr_buma', 3306, '', 0)
#1 /Users/mac/Sites/api-buma/vendor/codeigniter4/framework/system/Database/BaseConnection.php(391): CodeIgniter\Database\MySQLi\Connection->connect(false)
#2 /Users/mac/Sites/api-buma/vendor/codeigniter4/framework/system/Database/BaseConnection.php(573): CodeIgniter\Database\BaseConnection->initialize()
#3 /Users/mac/Sites/api-buma/vendor/codeigniter4/framework/system/Database/BaseBuilder.php(1616): CodeIgniter\Database\BaseConnection->query('SELECT *\nFROM `...', Array, false)
#4 /Users/mac/Sites/api-buma/vendor/codeigniter4/framework/system/Model.php(241): CodeIgniter\Database\BaseBuilder->get()
#5 /Users/mac/Sites/api-buma/vendor/codeigniter4/framework/system/BaseModel.php(618): CodeIgniter\Model->doFindAll(0, 0)
#6 /Users/mac/Sites/api-buma/app/Controllers/Karyawan.php(16): CodeIgniter\BaseModel->findAll()
#7 /Users/mac/Sites/api-buma/vendor/codeigniter4/framework/system/CodeIgniter.php(934): App\Controllers\Karyawan->index()
#8 /Users/mac/Sites/api-buma/vendor/codeigniter4/framework/system/CodeIgniter.php(499): CodeIgniter\CodeIgniter->runController(Object(App\Controllers\Karyawan))
#9 /Users/mac/Sites/api-buma/vendor/codeigniter4/framework/system/CodeIgniter.php(368): CodeIgniter\CodeIgniter->handleRequest(NULL, Object(Config\Cache), false)
#10 /Users/mac/Sites/api-buma/public/index.php(67): CodeIgniter\CodeIgniter->run()
#11 /Users/mac/Sites/api-buma/vendor/codeigniter4/framework/system/Commands/Server/rewrite.php(47): require_once('/Users/mac/Site...')
#12 {main}

Next CodeIgniter\Database\Exceptions\DatabaseException: MySQL server has gone away in /Users/mac/Sites/api-buma/vendor/codeigniter4/framework/system/Database/MySQLi/Connection.php:218
Stack trace:
#0 /Users/mac/Sites/api-buma/vendor/codeigniter4/framework/system/Database/BaseConnection.php(391): CodeIgniter\Database\MySQLi\Connection->connect(false)
#1 /Users/mac/Sites/api-buma/vendor/codeigniter4/framework/system/Database/BaseConnection.php(573): CodeIgniter\Database\BaseConnection->initialize()
#2 /Users/mac/Sites/api-buma/vendor/codeigniter4/framework/system/Database/BaseBuilder.php(1616): CodeIgniter\Database\BaseConnection->query('SELECT *\nFROM `...', Array, false)
#3 /Users/mac/Sites/api-buma/vendor/codeigniter4/framework/system/Model.php(241): CodeIgniter\Database\BaseBuilder->get()
#4 /Users/mac/Sites/api-buma/vendor/codeigniter4/framework/system/BaseModel.php(618): CodeIgniter\Model->doFindAll(0, 0)
#5 /Users/mac/Sites/api-buma/app/Controllers/Karyawan.php(16): CodeIgniter\BaseModel->findAll()
#6 /Users/mac/Sites/api-buma/vendor/codeigniter4/framework/system/CodeIgniter.php(934): App\Controllers\Karyawan->index()
#7 /Users/mac/Sites/api-buma/vendor/codeigniter4/framework/system/CodeIgniter.php(499): CodeIgniter\CodeIgniter->runController(Object(App\Controllers\Karyawan))
#8 /Users/mac/Sites/api-buma/vendor/codeigniter4/framework/system/CodeIgniter.php(368): CodeIgniter\CodeIgniter->handleRequest(NULL, Object(Config\Cache), false)
#9 /Users/mac/Sites/api-buma/public/index.php(67): CodeIgniter\CodeIgniter->run()
#10 /Users/mac/Sites/api-buma/vendor/codeigniter4/framework/system/Commands/Server/rewrite.php(47): require_once('/Users/mac/Site...')
#11 {main}
CRITICAL - 2023-03-14 08:01:35 --> Unable to connect to the database.
Main connection [MySQLi]: MySQL server has gone away
in SYSTEMPATH/Database/BaseConnection.php on line 427.
 1 SYSTEMPATH/Database/BaseConnection.php(573): CodeIgniter\Database\BaseConnection->initialize()
 2 SYSTEMPATH/Database/BaseBuilder.php(1616): CodeIgniter\Database\BaseConnection->query('SELECT *
FROM `karyawan`', [], false)
 3 SYSTEMPATH/Model.php(241): CodeIgniter\Database\BaseBuilder->get()
 4 SYSTEMPATH/BaseModel.php(618): CodeIgniter\Model->doFindAll(0, 0)
 5 APPPATH/Controllers/Karyawan.php(16): CodeIgniter\BaseModel->findAll()
 6 SYSTEMPATH/CodeIgniter.php(934): App\Controllers\Karyawan->index()
 7 SYSTEMPATH/CodeIgniter.php(499): CodeIgniter\CodeIgniter->runController(Object(App\Controllers\Karyawan))
 8 SYSTEMPATH/CodeIgniter.php(368): CodeIgniter\CodeIgniter->handleRequest(null, Object(Config\Cache), false)
 9 FCPATH/index.php(67): CodeIgniter\CodeIgniter->run()
10 SYSTEMPATH/Commands/Server/rewrite.php(47): require_once('FCPATH/index.php')
ERROR - 2023-03-14 08:02:24 --> Error connecting to the database: ErrorException: mysqli::real_connect(): Error while reading greeting packet. PID=16313 in /Users/mac/Sites/api-buma/vendor/codeigniter4/framework/system/Database/MySQLi/Connection.php:174
Stack trace:
#0 [internal function]: CodeIgniter\Debug\Exceptions->errorHandler(2, 'mysqli::real_co...', '/Users/mac/Site...', 174)
#1 /Users/mac/Sites/api-buma/vendor/codeigniter4/framework/system/Database/MySQLi/Connection.php(174): mysqli->real_connect('localhost:8888', 'root', 'root', 'hr_buma', 3306, '', 0)
#2 /Users/mac/Sites/api-buma/vendor/codeigniter4/framework/system/Database/BaseConnection.php(391): CodeIgniter\Database\MySQLi\Connection->connect(false)
#3 /Users/mac/Sites/api-buma/vendor/codeigniter4/framework/system/Database/BaseConnection.php(573): CodeIgniter\Database\BaseConnection->initialize()
#4 /Users/mac/Sites/api-buma/vendor/codeigniter4/framework/system/Database/BaseBuilder.php(1616): CodeIgniter\Database\BaseConnection->query('SELECT *\nFROM `...', Array, false)
#5 /Users/mac/Sites/api-buma/vendor/codeigniter4/framework/system/Model.php(241): CodeIgniter\Database\BaseBuilder->get()
#6 /Users/mac/Sites/api-buma/vendor/codeigniter4/framework/system/BaseModel.php(618): CodeIgniter\Model->doFindAll(0, 0)
#7 /Users/mac/Sites/api-buma/app/Controllers/Karyawan.php(16): CodeIgniter\BaseModel->findAll()
#8 /Users/mac/Sites/api-buma/vendor/codeigniter4/framework/system/CodeIgniter.php(934): App\Controllers\Karyawan->index()
#9 /Users/mac/Sites/api-buma/vendor/codeigniter4/framework/system/CodeIgniter.php(499): CodeIgniter\CodeIgniter->runController(Object(App\Controllers\Karyawan))
#10 /Users/mac/Sites/api-buma/vendor/codeigniter4/framework/system/CodeIgniter.php(368): CodeIgniter\CodeIgniter->handleRequest(NULL, Object(Config\Cache), false)
#11 /Users/mac/Sites/api-buma/public/index.php(67): CodeIgniter\CodeIgniter->run()
#12 /Users/mac/Sites/api-buma/vendor/codeigniter4/framework/system/Commands/Server/rewrite.php(47): require_once('/Users/mac/Site...')
#13 {main}

Next mysqli_sql_exception: MySQL server has gone away in /Users/mac/Sites/api-buma/vendor/codeigniter4/framework/system/Database/MySQLi/Connection.php:174
Stack trace:
#0 /Users/mac/Sites/api-buma/vendor/codeigniter4/framework/system/Database/MySQLi/Connection.php(174): mysqli->real_connect('localhost:8888', 'root', 'root', 'hr_buma', 3306, '', 0)
#1 /Users/mac/Sites/api-buma/vendor/codeigniter4/framework/system/Database/BaseConnection.php(391): CodeIgniter\Database\MySQLi\Connection->connect(false)
#2 /Users/mac/Sites/api-buma/vendor/codeigniter4/framework/system/Database/BaseConnection.php(573): CodeIgniter\Database\BaseConnection->initialize()
#3 /Users/mac/Sites/api-buma/vendor/codeigniter4/framework/system/Database/BaseBuilder.php(1616): CodeIgniter\Database\BaseConnection->query('SELECT *\nFROM `...', Array, false)
#4 /Users/mac/Sites/api-buma/vendor/codeigniter4/framework/system/Model.php(241): CodeIgniter\Database\BaseBuilder->get()
#5 /Users/mac/Sites/api-buma/vendor/codeigniter4/framework/system/BaseModel.php(618): CodeIgniter\Model->doFindAll(0, 0)
#6 /Users/mac/Sites/api-buma/app/Controllers/Karyawan.php(16): CodeIgniter\BaseModel->findAll()
#7 /Users/mac/Sites/api-buma/vendor/codeigniter4/framework/system/CodeIgniter.php(934): App\Controllers\Karyawan->index()
#8 /Users/mac/Sites/api-buma/vendor/codeigniter4/framework/system/CodeIgniter.php(499): CodeIgniter\CodeIgniter->runController(Object(App\Controllers\Karyawan))
#9 /Users/mac/Sites/api-buma/vendor/codeigniter4/framework/system/CodeIgniter.php(368): CodeIgniter\CodeIgniter->handleRequest(NULL, Object(Config\Cache), false)
#10 /Users/mac/Sites/api-buma/public/index.php(67): CodeIgniter\CodeIgniter->run()
#11 /Users/mac/Sites/api-buma/vendor/codeigniter4/framework/system/Commands/Server/rewrite.php(47): require_once('/Users/mac/Site...')
#12 {main}

Next CodeIgniter\Database\Exceptions\DatabaseException: MySQL server has gone away in /Users/mac/Sites/api-buma/vendor/codeigniter4/framework/system/Database/MySQLi/Connection.php:218
Stack trace:
#0 /Users/mac/Sites/api-buma/vendor/codeigniter4/framework/system/Database/BaseConnection.php(391): CodeIgniter\Database\MySQLi\Connection->connect(false)
#1 /Users/mac/Sites/api-buma/vendor/codeigniter4/framework/system/Database/BaseConnection.php(573): CodeIgniter\Database\BaseConnection->initialize()
#2 /Users/mac/Sites/api-buma/vendor/codeigniter4/framework/system/Database/BaseBuilder.php(1616): CodeIgniter\Database\BaseConnection->query('SELECT *\nFROM `...', Array, false)
#3 /Users/mac/Sites/api-buma/vendor/codeigniter4/framework/system/Model.php(241): CodeIgniter\Database\BaseBuilder->get()
#4 /Users/mac/Sites/api-buma/vendor/codeigniter4/framework/system/BaseModel.php(618): CodeIgniter\Model->doFindAll(0, 0)
#5 /Users/mac/Sites/api-buma/app/Controllers/Karyawan.php(16): CodeIgniter\BaseModel->findAll()
#6 /Users/mac/Sites/api-buma/vendor/codeigniter4/framework/system/CodeIgniter.php(934): App\Controllers\Karyawan->index()
#7 /Users/mac/Sites/api-buma/vendor/codeigniter4/framework/system/CodeIgniter.php(499): CodeIgniter\CodeIgniter->runController(Object(App\Controllers\Karyawan))
#8 /Users/mac/Sites/api-buma/vendor/codeigniter4/framework/system/CodeIgniter.php(368): CodeIgniter\CodeIgniter->handleRequest(NULL, Object(Config\Cache), false)
#9 /Users/mac/Sites/api-buma/public/index.php(67): CodeIgniter\CodeIgniter->run()
#10 /Users/mac/Sites/api-buma/vendor/codeigniter4/framework/system/Commands/Server/rewrite.php(47): require_once('/Users/mac/Site...')
#11 {main}
CRITICAL - 2023-03-14 08:02:24 --> Unable to connect to the database.
Main connection [MySQLi]: MySQL server has gone away
in SYSTEMPATH/Database/BaseConnection.php on line 427.
 1 SYSTEMPATH/Database/BaseConnection.php(573): CodeIgniter\Database\BaseConnection->initialize()
 2 SYSTEMPATH/Database/BaseBuilder.php(1616): CodeIgniter\Database\BaseConnection->query('SELECT *
FROM `karyawan`', [], false)
 3 SYSTEMPATH/Model.php(241): CodeIgniter\Database\BaseBuilder->get()
 4 SYSTEMPATH/BaseModel.php(618): CodeIgniter\Model->doFindAll(0, 0)
 5 APPPATH/Controllers/Karyawan.php(16): CodeIgniter\BaseModel->findAll()
 6 SYSTEMPATH/CodeIgniter.php(934): App\Controllers\Karyawan->index()
 7 SYSTEMPATH/CodeIgniter.php(499): CodeIgniter\CodeIgniter->runController(Object(App\Controllers\Karyawan))
 8 SYSTEMPATH/CodeIgniter.php(368): CodeIgniter\CodeIgniter->handleRequest(null, Object(Config\Cache), false)
 9 FCPATH/index.php(67): CodeIgniter\CodeIgniter->run()
10 SYSTEMPATH/Commands/Server/rewrite.php(47): require_once('FCPATH/index.php')
ERROR - 2023-03-14 08:05:15 --> Error connecting to the database: ErrorException: mysqli::real_connect(): Error while reading greeting packet. PID=16313 in /Users/mac/Sites/api-buma/vendor/codeigniter4/framework/system/Database/MySQLi/Connection.php:174
Stack trace:
#0 [internal function]: CodeIgniter\Debug\Exceptions->errorHandler(2, 'mysqli::real_co...', '/Users/mac/Site...', 174)
#1 /Users/mac/Sites/api-buma/vendor/codeigniter4/framework/system/Database/MySQLi/Connection.php(174): mysqli->real_connect('localhost:8888', 'root', 'root', 'hr_buma', 3306, '', 0)
#2 /Users/mac/Sites/api-buma/vendor/codeigniter4/framework/system/Database/BaseConnection.php(391): CodeIgniter\Database\MySQLi\Connection->connect(false)
#3 /Users/mac/Sites/api-buma/vendor/codeigniter4/framework/system/Database/BaseConnection.php(573): CodeIgniter\Database\BaseConnection->initialize()
#4 /Users/mac/Sites/api-buma/vendor/codeigniter4/framework/system/Database/BaseBuilder.php(1616): CodeIgniter\Database\BaseConnection->query('SELECT *\nFROM `...', Array, false)
#5 /Users/mac/Sites/api-buma/vendor/codeigniter4/framework/system/Model.php(241): CodeIgniter\Database\BaseBuilder->get()
#6 /Users/mac/Sites/api-buma/vendor/codeigniter4/framework/system/BaseModel.php(618): CodeIgniter\Model->doFindAll(0, 0)
#7 /Users/mac/Sites/api-buma/app/Controllers/Karyawan.php(16): CodeIgniter\BaseModel->findAll()
#8 /Users/mac/Sites/api-buma/vendor/codeigniter4/framework/system/CodeIgniter.php(934): App\Controllers\Karyawan->index()
#9 /Users/mac/Sites/api-buma/vendor/codeigniter4/framework/system/CodeIgniter.php(499): CodeIgniter\CodeIgniter->runController(Object(App\Controllers\Karyawan))
#10 /Users/mac/Sites/api-buma/vendor/codeigniter4/framework/system/CodeIgniter.php(368): CodeIgniter\CodeIgniter->handleRequest(NULL, Object(Config\Cache), false)
#11 /Users/mac/Sites/api-buma/public/index.php(67): CodeIgniter\CodeIgniter->run()
#12 /Users/mac/Sites/api-buma/vendor/codeigniter4/framework/system/Commands/Server/rewrite.php(47): require_once('/Users/mac/Site...')
#13 {main}

Next mysqli_sql_exception: MySQL server has gone away in /Users/mac/Sites/api-buma/vendor/codeigniter4/framework/system/Database/MySQLi/Connection.php:174
Stack trace:
#0 /Users/mac/Sites/api-buma/vendor/codeigniter4/framework/system/Database/MySQLi/Connection.php(174): mysqli->real_connect('localhost:8888', 'root', 'root', 'hr_buma', 3306, '', 0)
#1 /Users/mac/Sites/api-buma/vendor/codeigniter4/framework/system/Database/BaseConnection.php(391): CodeIgniter\Database\MySQLi\Connection->connect(false)
#2 /Users/mac/Sites/api-buma/vendor/codeigniter4/framework/system/Database/BaseConnection.php(573): CodeIgniter\Database\BaseConnection->initialize()
#3 /Users/mac/Sites/api-buma/vendor/codeigniter4/framework/system/Database/BaseBuilder.php(1616): CodeIgniter\Database\BaseConnection->query('SELECT *\nFROM `...', Array, false)
#4 /Users/mac/Sites/api-buma/vendor/codeigniter4/framework/system/Model.php(241): CodeIgniter\Database\BaseBuilder->get()
#5 /Users/mac/Sites/api-buma/vendor/codeigniter4/framework/system/BaseModel.php(618): CodeIgniter\Model->doFindAll(0, 0)
#6 /Users/mac/Sites/api-buma/app/Controllers/Karyawan.php(16): CodeIgniter\BaseModel->findAll()
#7 /Users/mac/Sites/api-buma/vendor/codeigniter4/framework/system/CodeIgniter.php(934): App\Controllers\Karyawan->index()
#8 /Users/mac/Sites/api-buma/vendor/codeigniter4/framework/system/CodeIgniter.php(499): CodeIgniter\CodeIgniter->runController(Object(App\Controllers\Karyawan))
#9 /Users/mac/Sites/api-buma/vendor/codeigniter4/framework/system/CodeIgniter.php(368): CodeIgniter\CodeIgniter->handleRequest(NULL, Object(Config\Cache), false)
#10 /Users/mac/Sites/api-buma/public/index.php(67): CodeIgniter\CodeIgniter->run()
#11 /Users/mac/Sites/api-buma/vendor/codeigniter4/framework/system/Commands/Server/rewrite.php(47): require_once('/Users/mac/Site...')
#12 {main}

Next CodeIgniter\Database\Exceptions\DatabaseException: MySQL server has gone away in /Users/mac/Sites/api-buma/vendor/codeigniter4/framework/system/Database/MySQLi/Connection.php:218
Stack trace:
#0 /Users/mac/Sites/api-buma/vendor/codeigniter4/framework/system/Database/BaseConnection.php(391): CodeIgniter\Database\MySQLi\Connection->connect(false)
#1 /Users/mac/Sites/api-buma/vendor/codeigniter4/framework/system/Database/BaseConnection.php(573): CodeIgniter\Database\BaseConnection->initialize()
#2 /Users/mac/Sites/api-buma/vendor/codeigniter4/framework/system/Database/BaseBuilder.php(1616): CodeIgniter\Database\BaseConnection->query('SELECT *\nFROM `...', Array, false)
#3 /Users/mac/Sites/api-buma/vendor/codeigniter4/framework/system/Model.php(241): CodeIgniter\Database\BaseBuilder->get()
#4 /Users/mac/Sites/api-buma/vendor/codeigniter4/framework/system/BaseModel.php(618): CodeIgniter\Model->doFindAll(0, 0)
#5 /Users/mac/Sites/api-buma/app/Controllers/Karyawan.php(16): CodeIgniter\BaseModel->findAll()
#6 /Users/mac/Sites/api-buma/vendor/codeigniter4/framework/system/CodeIgniter.php(934): App\Controllers\Karyawan->index()
#7 /Users/mac/Sites/api-buma/vendor/codeigniter4/framework/system/CodeIgniter.php(499): CodeIgniter\CodeIgniter->runController(Object(App\Controllers\Karyawan))
#8 /Users/mac/Sites/api-buma/vendor/codeigniter4/framework/system/CodeIgniter.php(368): CodeIgniter\CodeIgniter->handleRequest(NULL, Object(Config\Cache), false)
#9 /Users/mac/Sites/api-buma/public/index.php(67): CodeIgniter\CodeIgniter->run()
#10 /Users/mac/Sites/api-buma/vendor/codeigniter4/framework/system/Commands/Server/rewrite.php(47): require_once('/Users/mac/Site...')
#11 {main}
CRITICAL - 2023-03-14 08:05:15 --> Unable to connect to the database.
Main connection [MySQLi]: MySQL server has gone away
in SYSTEMPATH/Database/BaseConnection.php on line 427.
 1 SYSTEMPATH/Database/BaseConnection.php(573): CodeIgniter\Database\BaseConnection->initialize()
 2 SYSTEMPATH/Database/BaseBuilder.php(1616): CodeIgniter\Database\BaseConnection->query('SELECT *
FROM `karyawan`', [], false)
 3 SYSTEMPATH/Model.php(241): CodeIgniter\Database\BaseBuilder->get()
 4 SYSTEMPATH/BaseModel.php(618): CodeIgniter\Model->doFindAll(0, 0)
 5 APPPATH/Controllers/Karyawan.php(16): CodeIgniter\BaseModel->findAll()
 6 SYSTEMPATH/CodeIgniter.php(934): App\Controllers\Karyawan->index()
 7 SYSTEMPATH/CodeIgniter.php(499): CodeIgniter\CodeIgniter->runController(Object(App\Controllers\Karyawan))
 8 SYSTEMPATH/CodeIgniter.php(368): CodeIgniter\CodeIgniter->handleRequest(null, Object(Config\Cache), false)
 9 FCPATH/index.php(67): CodeIgniter\CodeIgniter->run()
10 SYSTEMPATH/Commands/Server/rewrite.php(47): require_once('FCPATH/index.php')
ERROR - 2023-03-14 08:05:37 --> Error connecting to the database: ErrorException: mysqli::real_connect(): Error while reading greeting packet. PID=16313 in /Users/mac/Sites/api-buma/vendor/codeigniter4/framework/system/Database/MySQLi/Connection.php:174
Stack trace:
#0 [internal function]: CodeIgniter\Debug\Exceptions->errorHandler(2, 'mysqli::real_co...', '/Users/mac/Site...', 174)
#1 /Users/mac/Sites/api-buma/vendor/codeigniter4/framework/system/Database/MySQLi/Connection.php(174): mysqli->real_connect('localhost:8888', 'root', 'root', 'hr_buma', 3306, '', 0)
#2 /Users/mac/Sites/api-buma/vendor/codeigniter4/framework/system/Database/BaseConnection.php(391): CodeIgniter\Database\MySQLi\Connection->connect(false)
#3 /Users/mac/Sites/api-buma/vendor/codeigniter4/framework/system/Database/BaseConnection.php(573): CodeIgniter\Database\BaseConnection->initialize()
#4 /Users/mac/Sites/api-buma/vendor/codeigniter4/framework/system/Database/BaseBuilder.php(1616): CodeIgniter\Database\BaseConnection->query('SELECT *\nFROM `...', Array, false)
#5 /Users/mac/Sites/api-buma/vendor/codeigniter4/framework/system/Model.php(241): CodeIgniter\Database\BaseBuilder->get()
#6 /Users/mac/Sites/api-buma/vendor/codeigniter4/framework/system/BaseModel.php(618): CodeIgniter\Model->doFindAll(0, 0)
#7 /Users/mac/Sites/api-buma/app/Controllers/Karyawan.php(16): CodeIgniter\BaseModel->findAll()
#8 /Users/mac/Sites/api-buma/vendor/codeigniter4/framework/system/CodeIgniter.php(934): App\Controllers\Karyawan->index()
#9 /Users/mac/Sites/api-buma/vendor/codeigniter4/framework/system/CodeIgniter.php(499): CodeIgniter\CodeIgniter->runController(Object(App\Controllers\Karyawan))
#10 /Users/mac/Sites/api-buma/vendor/codeigniter4/framework/system/CodeIgniter.php(368): CodeIgniter\CodeIgniter->handleRequest(NULL, Object(Config\Cache), false)
#11 /Users/mac/Sites/api-buma/public/index.php(67): CodeIgniter\CodeIgniter->run()
#12 /Users/mac/Sites/api-buma/vendor/codeigniter4/framework/system/Commands/Server/rewrite.php(47): require_once('/Users/mac/Site...')
#13 {main}

Next mysqli_sql_exception: MySQL server has gone away in /Users/mac/Sites/api-buma/vendor/codeigniter4/framework/system/Database/MySQLi/Connection.php:174
Stack trace:
#0 /Users/mac/Sites/api-buma/vendor/codeigniter4/framework/system/Database/MySQLi/Connection.php(174): mysqli->real_connect('localhost:8888', 'root', 'root', 'hr_buma', 3306, '', 0)
#1 /Users/mac/Sites/api-buma/vendor/codeigniter4/framework/system/Database/BaseConnection.php(391): CodeIgniter\Database\MySQLi\Connection->connect(false)
#2 /Users/mac/Sites/api-buma/vendor/codeigniter4/framework/system/Database/BaseConnection.php(573): CodeIgniter\Database\BaseConnection->initialize()
#3 /Users/mac/Sites/api-buma/vendor/codeigniter4/framework/system/Database/BaseBuilder.php(1616): CodeIgniter\Database\BaseConnection->query('SELECT *\nFROM `...', Array, false)
#4 /Users/mac/Sites/api-buma/vendor/codeigniter4/framework/system/Model.php(241): CodeIgniter\Database\BaseBuilder->get()
#5 /Users/mac/Sites/api-buma/vendor/codeigniter4/framework/system/BaseModel.php(618): CodeIgniter\Model->doFindAll(0, 0)
#6 /Users/mac/Sites/api-buma/app/Controllers/Karyawan.php(16): CodeIgniter\BaseModel->findAll()
#7 /Users/mac/Sites/api-buma/vendor/codeigniter4/framework/system/CodeIgniter.php(934): App\Controllers\Karyawan->index()
#8 /Users/mac/Sites/api-buma/vendor/codeigniter4/framework/system/CodeIgniter.php(499): CodeIgniter\CodeIgniter->runController(Object(App\Controllers\Karyawan))
#9 /Users/mac/Sites/api-buma/vendor/codeigniter4/framework/system/CodeIgniter.php(368): CodeIgniter\CodeIgniter->handleRequest(NULL, Object(Config\Cache), false)
#10 /Users/mac/Sites/api-buma/public/index.php(67): CodeIgniter\CodeIgniter->run()
#11 /Users/mac/Sites/api-buma/vendor/codeigniter4/framework/system/Commands/Server/rewrite.php(47): require_once('/Users/mac/Site...')
#12 {main}

Next CodeIgniter\Database\Exceptions\DatabaseException: MySQL server has gone away in /Users/mac/Sites/api-buma/vendor/codeigniter4/framework/system/Database/MySQLi/Connection.php:218
Stack trace:
#0 /Users/mac/Sites/api-buma/vendor/codeigniter4/framework/system/Database/BaseConnection.php(391): CodeIgniter\Database\MySQLi\Connection->connect(false)
#1 /Users/mac/Sites/api-buma/vendor/codeigniter4/framework/system/Database/BaseConnection.php(573): CodeIgniter\Database\BaseConnection->initialize()
#2 /Users/mac/Sites/api-buma/vendor/codeigniter4/framework/system/Database/BaseBuilder.php(1616): CodeIgniter\Database\BaseConnection->query('SELECT *\nFROM `...', Array, false)
#3 /Users/mac/Sites/api-buma/vendor/codeigniter4/framework/system/Model.php(241): CodeIgniter\Database\BaseBuilder->get()
#4 /Users/mac/Sites/api-buma/vendor/codeigniter4/framework/system/BaseModel.php(618): CodeIgniter\Model->doFindAll(0, 0)
#5 /Users/mac/Sites/api-buma/app/Controllers/Karyawan.php(16): CodeIgniter\BaseModel->findAll()
#6 /Users/mac/Sites/api-buma/vendor/codeigniter4/framework/system/CodeIgniter.php(934): App\Controllers\Karyawan->index()
#7 /Users/mac/Sites/api-buma/vendor/codeigniter4/framework/system/CodeIgniter.php(499): CodeIgniter\CodeIgniter->runController(Object(App\Controllers\Karyawan))
#8 /Users/mac/Sites/api-buma/vendor/codeigniter4/framework/system/CodeIgniter.php(368): CodeIgniter\CodeIgniter->handleRequest(NULL, Object(Config\Cache), false)
#9 /Users/mac/Sites/api-buma/public/index.php(67): CodeIgniter\CodeIgniter->run()
#10 /Users/mac/Sites/api-buma/vendor/codeigniter4/framework/system/Commands/Server/rewrite.php(47): require_once('/Users/mac/Site...')
#11 {main}
CRITICAL - 2023-03-14 08:05:37 --> Unable to connect to the database.
Main connection [MySQLi]: MySQL server has gone away
in SYSTEMPATH/Database/BaseConnection.php on line 427.
 1 SYSTEMPATH/Database/BaseConnection.php(573): CodeIgniter\Database\BaseConnection->initialize()
 2 SYSTEMPATH/Database/BaseBuilder.php(1616): CodeIgniter\Database\BaseConnection->query('SELECT *
FROM `karyawan`', [], false)
 3 SYSTEMPATH/Model.php(241): CodeIgniter\Database\BaseBuilder->get()
 4 SYSTEMPATH/BaseModel.php(618): CodeIgniter\Model->doFindAll(0, 0)
 5 APPPATH/Controllers/Karyawan.php(16): CodeIgniter\BaseModel->findAll()
 6 SYSTEMPATH/CodeIgniter.php(934): App\Controllers\Karyawan->index()
 7 SYSTEMPATH/CodeIgniter.php(499): CodeIgniter\CodeIgniter->runController(Object(App\Controllers\Karyawan))
 8 SYSTEMPATH/CodeIgniter.php(368): CodeIgniter\CodeIgniter->handleRequest(null, Object(Config\Cache), false)
 9 FCPATH/index.php(67): CodeIgniter\CodeIgniter->run()
10 SYSTEMPATH/Commands/Server/rewrite.php(47): require_once('FCPATH/index.php')
ERROR - 2023-03-14 08:10:43 --> Error connecting to the database: ErrorException: mysqli::real_connect(): Error while reading greeting packet. PID=16313 in /Users/mac/Sites/api-buma/vendor/codeigniter4/framework/system/Database/MySQLi/Connection.php:174
Stack trace:
#0 [internal function]: CodeIgniter\Debug\Exceptions->errorHandler(2, 'mysqli::real_co...', '/Users/mac/Site...', 174)
#1 /Users/mac/Sites/api-buma/vendor/codeigniter4/framework/system/Database/MySQLi/Connection.php(174): mysqli->real_connect('localhost:8888/...', 'root', 'root', 'hr_buma', 3306, '', 0)
#2 /Users/mac/Sites/api-buma/vendor/codeigniter4/framework/system/Database/BaseConnection.php(391): CodeIgniter\Database\MySQLi\Connection->connect(false)
#3 /Users/mac/Sites/api-buma/vendor/codeigniter4/framework/system/Database/BaseConnection.php(573): CodeIgniter\Database\BaseConnection->initialize()
#4 /Users/mac/Sites/api-buma/vendor/codeigniter4/framework/system/Database/BaseBuilder.php(1616): CodeIgniter\Database\BaseConnection->query('SELECT *\nFROM `...', Array, false)
#5 /Users/mac/Sites/api-buma/vendor/codeigniter4/framework/system/Model.php(241): CodeIgniter\Database\BaseBuilder->get()
#6 /Users/mac/Sites/api-buma/vendor/codeigniter4/framework/system/BaseModel.php(618): CodeIgniter\Model->doFindAll(0, 0)
#7 /Users/mac/Sites/api-buma/app/Controllers/Karyawan.php(16): CodeIgniter\BaseModel->findAll()
#8 /Users/mac/Sites/api-buma/vendor/codeigniter4/framework/system/CodeIgniter.php(934): App\Controllers\Karyawan->index()
#9 /Users/mac/Sites/api-buma/vendor/codeigniter4/framework/system/CodeIgniter.php(499): CodeIgniter\CodeIgniter->runController(Object(App\Controllers\Karyawan))
#10 /Users/mac/Sites/api-buma/vendor/codeigniter4/framework/system/CodeIgniter.php(368): CodeIgniter\CodeIgniter->handleRequest(NULL, Object(Config\Cache), false)
#11 /Users/mac/Sites/api-buma/public/index.php(67): CodeIgniter\CodeIgniter->run()
#12 /Users/mac/Sites/api-buma/vendor/codeigniter4/framework/system/Commands/Server/rewrite.php(47): require_once('/Users/mac/Site...')
#13 {main}

Next mysqli_sql_exception: MySQL server has gone away in /Users/mac/Sites/api-buma/vendor/codeigniter4/framework/system/Database/MySQLi/Connection.php:174
Stack trace:
#0 /Users/mac/Sites/api-buma/vendor/codeigniter4/framework/system/Database/MySQLi/Connection.php(174): mysqli->real_connect('localhost:8888/...', 'root', 'root', 'hr_buma', 3306, '', 0)
#1 /Users/mac/Sites/api-buma/vendor/codeigniter4/framework/system/Database/BaseConnection.php(391): CodeIgniter\Database\MySQLi\Connection->connect(false)
#2 /Users/mac/Sites/api-buma/vendor/codeigniter4/framework/system/Database/BaseConnection.php(573): CodeIgniter\Database\BaseConnection->initialize()
#3 /Users/mac/Sites/api-buma/vendor/codeigniter4/framework/system/Database/BaseBuilder.php(1616): CodeIgniter\Database\BaseConnection->query('SELECT *\nFROM `...', Array, false)
#4 /Users/mac/Sites/api-buma/vendor/codeigniter4/framework/system/Model.php(241): CodeIgniter\Database\BaseBuilder->get()
#5 /Users/mac/Sites/api-buma/vendor/codeigniter4/framework/system/BaseModel.php(618): CodeIgniter\Model->doFindAll(0, 0)
#6 /Users/mac/Sites/api-buma/app/Controllers/Karyawan.php(16): CodeIgniter\BaseModel->findAll()
#7 /Users/mac/Sites/api-buma/vendor/codeigniter4/framework/system/CodeIgniter.php(934): App\Controllers\Karyawan->index()
#8 /Users/mac/Sites/api-buma/vendor/codeigniter4/framework/system/CodeIgniter.php(499): CodeIgniter\CodeIgniter->runController(Object(App\Controllers\Karyawan))
#9 /Users/mac/Sites/api-buma/vendor/codeigniter4/framework/system/CodeIgniter.php(368): CodeIgniter\CodeIgniter->handleRequest(NULL, Object(Config\Cache), false)
#10 /Users/mac/Sites/api-buma/public/index.php(67): CodeIgniter\CodeIgniter->run()
#11 /Users/mac/Sites/api-buma/vendor/codeigniter4/framework/system/Commands/Server/rewrite.php(47): require_once('/Users/mac/Site...')
#12 {main}

Next CodeIgniter\Database\Exceptions\DatabaseException: MySQL server has gone away in /Users/mac/Sites/api-buma/vendor/codeigniter4/framework/system/Database/MySQLi/Connection.php:218
Stack trace:
#0 /Users/mac/Sites/api-buma/vendor/codeigniter4/framework/system/Database/BaseConnection.php(391): CodeIgniter\Database\MySQLi\Connection->connect(false)
#1 /Users/mac/Sites/api-buma/vendor/codeigniter4/framework/system/Database/BaseConnection.php(573): CodeIgniter\Database\BaseConnection->initialize()
#2 /Users/mac/Sites/api-buma/vendor/codeigniter4/framework/system/Database/BaseBuilder.php(1616): CodeIgniter\Database\BaseConnection->query('SELECT *\nFROM `...', Array, false)
#3 /Users/mac/Sites/api-buma/vendor/codeigniter4/framework/system/Model.php(241): CodeIgniter\Database\BaseBuilder->get()
#4 /Users/mac/Sites/api-buma/vendor/codeigniter4/framework/system/BaseModel.php(618): CodeIgniter\Model->doFindAll(0, 0)
#5 /Users/mac/Sites/api-buma/app/Controllers/Karyawan.php(16): CodeIgniter\BaseModel->findAll()
#6 /Users/mac/Sites/api-buma/vendor/codeigniter4/framework/system/CodeIgniter.php(934): App\Controllers\Karyawan->index()
#7 /Users/mac/Sites/api-buma/vendor/codeigniter4/framework/system/CodeIgniter.php(499): CodeIgniter\CodeIgniter->runController(Object(App\Controllers\Karyawan))
#8 /Users/mac/Sites/api-buma/vendor/codeigniter4/framework/system/CodeIgniter.php(368): CodeIgniter\CodeIgniter->handleRequest(NULL, Object(Config\Cache), false)
#9 /Users/mac/Sites/api-buma/public/index.php(67): CodeIgniter\CodeIgniter->run()
#10 /Users/mac/Sites/api-buma/vendor/codeigniter4/framework/system/Commands/Server/rewrite.php(47): require_once('/Users/mac/Site...')
#11 {main}
CRITICAL - 2023-03-14 08:10:43 --> Unable to connect to the database.
Main connection [MySQLi]: MySQL server has gone away
in SYSTEMPATH/Database/BaseConnection.php on line 427.
 1 SYSTEMPATH/Database/BaseConnection.php(573): CodeIgniter\Database\BaseConnection->initialize()
 2 SYSTEMPATH/Database/BaseBuilder.php(1616): CodeIgniter\Database\BaseConnection->query('SELECT *
FROM `karyawan`', [], false)
 3 SYSTEMPATH/Model.php(241): CodeIgniter\Database\BaseBuilder->get()
 4 SYSTEMPATH/BaseModel.php(618): CodeIgniter\Model->doFindAll(0, 0)
 5 APPPATH/Controllers/Karyawan.php(16): CodeIgniter\BaseModel->findAll()
 6 SYSTEMPATH/CodeIgniter.php(934): App\Controllers\Karyawan->index()
 7 SYSTEMPATH/CodeIgniter.php(499): CodeIgniter\CodeIgniter->runController(Object(App\Controllers\Karyawan))
 8 SYSTEMPATH/CodeIgniter.php(368): CodeIgniter\CodeIgniter->handleRequest(null, Object(Config\Cache), false)
 9 FCPATH/index.php(67): CodeIgniter\CodeIgniter->run()
10 SYSTEMPATH/Commands/Server/rewrite.php(47): require_once('FCPATH/index.php')
